
> portfolio@0.1.0 dev
> next dev --turbopack

   ▲ Next.js 15.5.3 (Turbopack)
   - Local:        http://localhost:3000
   - Network:      http://10.11.11.169:3000

 ✓ Starting...
 ✓ Ready in 1336ms
 ○ Compiling / ...
 ✓ Compiled / in 1592ms
 HEAD / 200 in 2082ms
 GET / 200 in 117ms
 ⨯ upstream image response failed for https://d36vu4awtdgnqw.cloudfront.net/1y4cd%2Fpreview%2F71166130%2Fmain_large.png?response-content-disposition=inline%3Bfilename%3D%22main_large.png%22%3B&response-content-type=&Expires=1758648399&Signature=RhoaiTGj6bpjXm7-Q44E30MGUhpWQb5~whR1Xxl1A7hfO21OlYB5sloRyKdKVfSO0B~Jnx6uMq7EndHSliE1nLLg-oIanAj8~nn-H0WI3QznqD~s66NXB4-~TxeJri9Lvs0RyafGXCSKQlp26ixaSyVNGXK5uF2e2pX6l0n4IO4Wekhwg-3-hZwvAz8zJO2twql0hBGkpEcgjslaqEMVPLTYh62gIOWmw8cshWKOPAM1Hq-E0qPRAa9gNGkKtSDuIDI2XCNl2FvMESWrSyNLMocNq~YJSFxRyrFJ8Ho4EWtyUBAgJkoAnybcXY36vanTgYCXPCo76dJ8m2btM15y4Q__&Key-Pair-Id=APKAJT5WQLLEOADKLHBQ 403
[Error: "url" parameter is valid but upstream response is invalid] {
  statusCode: 403
}
 ✓ Compiled /favicon.ico in 166ms
 GET /favicon.ico?favicon.0b3bf435.ico 200 in 417ms
 ✓ Compiled in 172ms
 ✓ Compiled / in 40ms
 GET / 200 in 313ms
 ✓ Compiled in 124ms
 ✓ Compiled / in 65ms
 GET / 200 in 194ms
 ✓ Compiled / in 29ms
 GET / 200 in 132ms
 ⨯ upstream image response failed for https://d1mrnwe9chdcuv.cloudfront.net/w5izld%2Fpreview%2F71178894%2Fmain_large.png?response-content-disposition=inline%3Bfilename%3D%22main_large.png%22%3B&response-content-type=&Expires=1758667885&Signature=DUqbPj1QGqJOv1kJZTIJfvPw3no~Oox-QqSS4DkRFQyDRDPEYYTqaOApsGJQv0Qe~gJivFhm-GhISDy~5zpWqfVtlRDY50uVWW54ypbOxtPnCeQSL7nArhe5WsCAPYJRXuDc4gR4NsI7Ixh4iwYh9PYigfz2iMMOPuUQ73DC8zTj0n-RGm0~ul~PUHwnmXftpn9i92bdWcP0cv~YNIHT0c71QLmFJ-8zkxmWLPmvHgPaX1V9rUYzUgvpB7jYWxw0MMIbXXTZj3a9qeUQVfLLu4BJzuN136fmICOMRdFrEKF4KAmdCqVKtHchHsEhXu-HbRn3V69yGDb9BhRxZjIzIg__&Key-Pair-Id=APKAJT5WQLLEOADKLHBQ 403
[Error: "url" parameter is valid but upstream response is invalid] {
  statusCode: 403
}
 ✓ Compiled in 654ms
 ⚠ Found a change in next.config.ts. Restarting the server to apply the changes...
   ▲ Next.js 15.5.3 (Turbopack)
   - Local:        http://localhost:3000
   - Network:      http://10.11.11.169:3000

 ✓ Starting...
 ✓ Ready in 1014ms
 ⚠ Found a change in next.config.ts. Restarting the server to apply the changes...
   ▲ Next.js 15.5.3 (Turbopack)
   - Local:        http://localhost:3000
   - Network:      http://10.11.11.169:3000

 ✓ Starting...
 ✓ Ready in 727ms
 ○ Compiling / ...
 ✓ Compiled / in 2.1s
 GET / 200 in 2646ms
 ⨯ upstream image response failed for https://d36vu4awtdgnqw.cloudfront.net/1y4cd%2Fpreview%2F71166130%2Fmain_large.png?response-content-disposition=inline%3Bfilename%3D%22main_large.png%22%3B&response-content-type=&Expires=1758648399&Signature=RhoaiTGj6bpjXm7-Q44E30MGUhpWQb5~whR1Xxl1A7hfO21OlYB5sloRyKdKVfSO0B~Jnx6uMq7EndHSliE1nLLg-oIanAj8~nn-H0WI3QznqD~s66NXB4-~TxeJri9Lvs0RyafGXCSKQlp26ixaSyVNGXK5uF2e2pX6l0n4IO4Wekhwg-3-hZwvAz8zJO2twql0hBGkpEcgjslaqEMVPLTYh62gIOWmw8cshWKOPAM1Hq-E0qPRAa9gNGkKtSDuIDI2XCNl2FvMESWrSyNLMocNq~YJSFxRyrFJ8Ho4EWtyUBAgJkoAnybcXY36vanTgYCXPCo76dJ8m2btM15y4Q__&Key-Pair-Id=APKAJT5WQLLEOADKLHBQ 403
[Error: "url" parameter is valid but upstream response is invalid] {
  statusCode: 403
}
 ✓ Compiled /favicon.ico in 175ms
 GET /favicon.ico?favicon.0b3bf435.ico 200 in 720ms
 ✓ Compiled in 130ms
 ✓ Compiled / in 41ms
 GET / 200 in 145ms
 GET / 200 in 637ms
 ⨯ upstream image response failed for https://d36vu4awtdgnqw.cloudfront.net/1y4cd%2Fpreview%2F71166130%2Fmain_large.png?response-content-disposition=inline%3Bfilename%3D%22main_large.png%22%3B&response-content-type=&Expires=1758648399&Signature=RhoaiTGj6bpjXm7-Q44E30MGUhpWQb5~whR1Xxl1A7hfO21OlYB5sloRyKdKVfSO0B~Jnx6uMq7EndHSliE1nLLg-oIanAj8~nn-H0WI3QznqD~s66NXB4-~TxeJri9Lvs0RyafGXCSKQlp26ixaSyVNGXK5uF2e2pX6l0n4IO4Wekhwg-3-hZwvAz8zJO2twql0hBGkpEcgjslaqEMVPLTYh62gIOWmw8cshWKOPAM1Hq-E0qPRAa9gNGkKtSDuIDI2XCNl2FvMESWrSyNLMocNq~YJSFxRyrFJ8Ho4EWtyUBAgJkoAnybcXY36vanTgYCXPCo76dJ8m2btM15y4Q__&Key-Pair-Id=APKAJT5WQLLEOADKLHBQ 403
[Error: "url" parameter is valid but upstream response is invalid] {
  statusCode: 403
}
 GET /favicon.ico?favicon.0b3bf435.ico 200 in 250ms
 ✓ Compiled in 499ms
 ✓ Compiled / in 49ms
 GET / 200 in 201ms
 GET / 200 in 214ms
 GET /favicon.ico?favicon.0b3bf435.ico 200 in 240ms
 ⨯ upstream image response failed for https://d1mrnwe9chdcuv.cloudfront.net/w5izld%2Fpreview%2F71178894%2Fmain_large.png?response-content-disposition=inline%3Bfilename%3D%22main_large.png%22%3B&response-content-type=&Expires=1758667885&Signature=DUqbPj1QGqJOv1kJZTIJfvPw3no~Oox-QqSS4DkRFQyDRDPEYYTqaOApsGJQv0Qe~gJivFhm-GhISDy~5zpWqfVtlRDY50uVWW54ypbOxtPnCeQSL7nArhe5WsCAPYJRXuDc4gR4NsI7Ixh4iwYh9PYigfz2iMMOPuUQ73DC8zTj0n-RGm0~ul~PUHwnmXftpn9i92bdWcP0cv~YNIHT0c71QLmFJ-8zkxmWLPmvHgPaX1V9rUYzUgvpB7jYWxw0MMIbXXTZj3a9qeUQVfLLu4BJzuN136fmICOMRdFrEKF4KAmdCqVKtHchHsEhXu-HbRn3V69yGDb9BhRxZjIzIg__&Key-Pair-Id=APKAJT5WQLLEOADKLHBQ 403
[Error: "url" parameter is valid but upstream response is invalid] {
  statusCode: 403
}
 ✓ Compiled in 534ms
 ✓ Compiled / in 147ms
 GET / 200 in 435ms
 ⚠ Found a change in next.config.ts. Restarting the server to apply the changes...
   ▲ Next.js 15.5.3 (Turbopack)
   - Local:        http://localhost:3000
   - Network:      http://10.11.11.169:3000

 ✓ Starting...
 ✓ Ready in 1023ms
 ⚠ Found a change in next.config.ts. Restarting the server to apply the changes...
   ▲ Next.js 15.5.3 (Turbopack)
   - Local:        http://localhost:3000
   - Network:      http://10.11.11.169:3000

 ✓ Starting...
 ✓ Ready in 825ms
 ○ Compiling / ...
 ✓ Compiled / in 1585ms
 GET / 200 in 2240ms
 ⨯ upstream image response failed for https://d36vu4awtdgnqw.cloudfront.net/1y4cd%2Fpreview%2F71166130%2Fmain_large.png?response-content-disposition=inline%3Bfilename%3D%22main_large.png%22%3B&response-content-type=&Expires=1758648399&Signature=RhoaiTGj6bpjXm7-Q44E30MGUhpWQb5~whR1Xxl1A7hfO21OlYB5sloRyKdKVfSO0B~Jnx6uMq7EndHSliE1nLLg-oIanAj8~nn-H0WI3QznqD~s66NXB4-~TxeJri9Lvs0RyafGXCSKQlp26ixaSyVNGXK5uF2e2pX6l0n4IO4Wekhwg-3-hZwvAz8zJO2twql0hBGkpEcgjslaqEMVPLTYh62gIOWmw8cshWKOPAM1Hq-E0qPRAa9gNGkKtSDuIDI2XCNl2FvMESWrSyNLMocNq~YJSFxRyrFJ8Ho4EWtyUBAgJkoAnybcXY36vanTgYCXPCo76dJ8m2btM15y4Q__&Key-Pair-Id=APKAJT5WQLLEOADKLHBQ 403
[Error: "url" parameter is valid but upstream response is invalid] {
  statusCode: 403
}
 ⨯ upstream image response failed for https://id-preview--fe1a8458-0fa4-49b8-8556-e879eaf54aad.lovable.app/assets/profile-headshot-Bv4Z_5Dq.jpg 404
[Error: "url" parameter is valid but upstream response is invalid] {
  statusCode: 404
}
 ✓ Compiled /favicon.ico in 217ms
 GET /favicon.ico?favicon.0b3bf435.ico 200 in 488ms
 ✓ Compiled / in 21ms
 GET / 200 in 134ms
 ✓ Compiled / in 22ms
 GET / 200 in 125ms
 ✓ Compiled in 286ms
 ✓ Compiled / in 67ms
 GET / 200 in 270ms
 ⚠ Found a change in next.config.ts. Restarting the server to apply the changes...
   ▲ Next.js 15.5.3 (Turbopack)
   - Local:        http://localhost:3000
   - Network:      http://10.11.11.169:3000

 ✓ Starting...
 ✓ Ready in 1573ms
 ⚠ Found a change in next.config.ts. Restarting the server to apply the changes...
   ▲ Next.js 15.5.3 (Turbopack)
   - Local:        http://localhost:3000
   - Network:      http://10.11.11.169:3000

 ✓ Starting...
 ✓ Ready in 791ms
 ○ Compiling / ...
 ✓ Compiled / in 1786ms
 GET / 200 in 2421ms
 ⨯ upstream image response failed for https://d36vu4awtdgnqw.cloudfront.net/1y4cd%2Fpreview%2F71166130%2Fmain_large.png?response-content-disposition=inline%3Bfilename%3D%22main_large.png%22%3B&response-content-type=&Expires=1758648399&Signature=RhoaiTGj6bpjXm7-Q44E30MGUhpWQb5~whR1Xxl1A7hfO21OlYB5sloRyKdKVfSO0B~Jnx6uMq7EndHSliE1nLLg-oIanAj8~nn-H0WI3QznqD~s66NXB4-~TxeJri9Lvs0RyafGXCSKQlp26ixaSyVNGXK5uF2e2pX6l0n4IO4Wekhwg-3-hZwvAz8zJO2twql0hBGkpEcgjslaqEMVPLTYh62gIOWmw8cshWKOPAM1Hq-E0qPRAa9gNGkKtSDuIDI2XCNl2FvMESWrSyNLMocNq~YJSFxRyrFJ8Ho4EWtyUBAgJkoAnybcXY36vanTgYCXPCo76dJ8m2btM15y4Q__&Key-Pair-Id=APKAJT5WQLLEOADKLHBQ 403
[Error: "url" parameter is valid but upstream response is invalid] {
  statusCode: 403
}
 ⨯ upstream image response failed for https://id-preview--fe1a8458-0fa4-49b8-8556-e879eaf54aad.lovable.app/assets/profile-headshot-Bv4Z_5Dq.jpg 404
[Error: "url" parameter is valid but upstream response is invalid] {
  statusCode: 404
}
 ✓ Compiled /favicon.ico in 217ms
 GET /favicon.ico?favicon.0b3bf435.ico 200 in 494ms
 ✓ Compiled in 135ms
 ✓ Compiled / in 41ms
 GET / 200 in 190ms
 ✓ Compiled / in 22ms
 GET / 200 in 85ms
 ✓ Compiled in 68ms
 ✓ Compiled / in 83ms
 GET / 200 in 273ms
 ⨯ upstream image response failed for https://d1mrnwe9chdcuv.cloudfront.net/w5izld%2Fpreview%2F71178894%2Fmain_large.png?response-content-disposition=inline%3Bfilename%3D%22main_large.png%22%3B&response-content-type=&Expires=1758667885&Signature=DUqbPj1QGqJOv1kJZTIJfvPw3no~Oox-QqSS4DkRFQyDRDPEYYTqaOApsGJQv0Qe~gJivFhm-GhISDy~5zpWqfVtlRDY50uVWW54ypbOxtPnCeQSL7nArhe5WsCAPYJRXuDc4gR4NsI7Ixh4iwYh9PYigfz2iMMOPuUQ73DC8zTj0n-RGm0~ul~PUHwnmXftpn9i92bdWcP0cv~YNIHT0c71QLmFJ-8zkxmWLPmvHgPaX1V9rUYzUgvpB7jYWxw0MMIbXXTZj3a9qeUQVfLLu4BJzuN136fmICOMRdFrEKF4KAmdCqVKtHchHsEhXu-HbRn3V69yGDb9BhRxZjIzIg__&Key-Pair-Id=APKAJT5WQLLEOADKLHBQ 403
[Error: "url" parameter is valid but upstream response is invalid] {
  statusCode: 403
}
 ✓ Compiled in 1170ms
 ✓ Compiled / in 73ms
 GET / 200 in 571ms
 ⨯ upstream image response failed for https://d36vu4awtdgnqw.cloudfront.net/1y4cd%2Fpreview%2F71166130%2Fmain_large.png?response-content-disposition=inline%3Bfilename%3D%22main_large.png%22%3B&response-content-type=&Expires=1758648399&Signature=RhoaiTGj6bpjXm7-Q44E30MGUhpWQb5~whR1Xxl1A7hfO21OlYB5sloRyKdKVfSO0B~Jnx6uMq7EndHSliE1nLLg-oIanAj8~nn-H0WI3QznqD~s66NXB4-~TxeJri9Lvs0RyafGXCSKQlp26ixaSyVNGXK5uF2e2pX6l0n4IO4Wekhwg-3-hZwvAz8zJO2twql0hBGkpEcgjslaqEMVPLTYh62gIOWmw8cshWKOPAM1Hq-E0qPRAa9gNGkKtSDuIDI2XCNl2FvMESWrSyNLMocNq~YJSFxRyrFJ8Ho4EWtyUBAgJkoAnybcXY36vanTgYCXPCo76dJ8m2btM15y4Q__&Key-Pair-Id=APKAJT5WQLLEOADKLHBQ 403
[Error: "url" parameter is valid but upstream response is invalid] {
  statusCode: 403
}
 ⨯ upstream image response failed for https://d2kbz8dqbfngbz.cloudfront.net/r562wf%2Fpreview%2F71285262%2Fmain_large.png?response-content-disposition=inline%3Bfilename%3D%22main_large.png%22%3B&response-content-type=image%2Fpng&Expires=1758929600&Signature=dekmASNwO8Ynxzks2xAv7rQAiV5yFNEFKIp-fd2zROOtbxkpEgvAGZ9DpyFjaRsNe3DDRo-GXBLQDams2Rt45Z5UYncaF5VU5FBaUfU47F4sugelmnJySxek0h9gOgo-uYUSZvt9ZzF8IFfKQMe8n45V7D~dEmfpqALGk4kXq6MRZraUwIwlEMztuHDX2dz05uvJG4vA4L8wr8-~WtnMd1YKEt1J41n9bS2Zgodj2iIs6~X95XaJjYcrK-QrN3vutSyQWh89m9FckS1WogU1l1HmDalTEjXNmpD0UhuStoehGbWdyPxy~IpdE5wlz2iuNKvajNDjYNwOwDjfLy1T9A__&Key-Pair-Id=APKAJT5WQLLEOADKLHBQ 403
[Error: "url" parameter is valid but upstream response is invalid] {
  statusCode: 403
}
 ⨯ upstream image response failed for https://id-preview--fe1a8458-0fa4-49b8-8556-e879eaf54aad.lovable.app/assets/profile-headshot-Bv4Z_5Dq.jpg 404
 ⨯ upstream image response failed for https://d2nqrih5ma2h8b.cloudfront.net/d6o3wf%2Fpreview%2F71285316%2Fmain_large.png?response-content-disposition=inline%3Bfilename%3D%22main_large.png%22%3B&response-content-type=image%2Fpng&Expires=1758929974&Signature=e91J09p2wQQeaYKhOC1C1tT7fRtfvAam-aojDzT8X2NLE~4IG~bz2u32H0IPD9GZL3RzX3pvPZJMuo6P1Cg7Sno54Jqcx9O5JDQtNaQ7lT62zMv4Q~JRFByuJEVayeVzp6EnwGuTzvLSYaov7A9861jUEI3XjLd58oQgTrNUCkBMZuvAS1ZeKLi9NJyp06vjZ7RI1iHjlqQPLwU1rEhJKyo8x9IiCYDmzVAxpIXAMBzBLvBHkompCGdfnkVFGWaB56nFqlgNnJJu7bPv1dKMVwyxaY6ZwZ-ZReBIX0s0whVGKL5XEB2RmvQVpZx3DI7gX8kmRCfNjl8YKuUIf8LjLA__&Key-Pair-Id=APKAJT5WQLLEOADKLHBQ 403
[Error: "url" parameter is valid but upstream response is invalid] {
  statusCode: 403
}
[Error: "url" parameter is valid but upstream response is invalid] {
  statusCode: 404
}
 ⨯ upstream image response failed for https://d1mrnwe9chdcuv.cloudfront.net/w5izld%2Fpreview%2F71178894%2Fmain_large.png?response-content-disposition=inline%3Bfilename%3D%22main_large.png%22%3B&response-content-type=&Expires=1758667885&Signature=DUqbPj1QGqJOv1kJZTIJfvPw3no~Oox-QqSS4DkRFQyDRDPEYYTqaOApsGJQv0Qe~gJivFhm-GhISDy~5zpWqfVtlRDY50uVWW54ypbOxtPnCeQSL7nArhe5WsCAPYJRXuDc4gR4NsI7Ixh4iwYh9PYigfz2iMMOPuUQ73DC8zTj0n-RGm0~ul~PUHwnmXftpn9i92bdWcP0cv~YNIHT0c71QLmFJ-8zkxmWLPmvHgPaX1V9rUYzUgvpB7jYWxw0MMIbXXTZj3a9qeUQVfLLu4BJzuN136fmICOMRdFrEKF4KAmdCqVKtHchHsEhXu-HbRn3V69yGDb9BhRxZjIzIg__&Key-Pair-Id=APKAJT5WQLLEOADKLHBQ 403
[Error: "url" parameter is valid but upstream response is invalid] {
  statusCode: 403
}
 GET /favicon.ico?favicon.0b3bf435.ico 200 in 259ms
 GET / 200 in 478ms
 ⨯ upstream image response failed for https://d36vu4awtdgnqw.cloudfront.net/1y4cd%2Fpreview%2F71166130%2Fmain_large.png?response-content-disposition=inline%3Bfilename%3D%22main_large.png%22%3B&response-content-type=&Expires=1758648399&Signature=RhoaiTGj6bpjXm7-Q44E30MGUhpWQb5~whR1Xxl1A7hfO21OlYB5sloRyKdKVfSO0B~Jnx6uMq7EndHSliE1nLLg-oIanAj8~nn-H0WI3QznqD~s66NXB4-~TxeJri9Lvs0RyafGXCSKQlp26ixaSyVNGXK5uF2e2pX6l0n4IO4Wekhwg-3-hZwvAz8zJO2twql0hBGkpEcgjslaqEMVPLTYh62gIOWmw8cshWKOPAM1Hq-E0qPRAa9gNGkKtSDuIDI2XCNl2FvMESWrSyNLMocNq~YJSFxRyrFJ8Ho4EWtyUBAgJkoAnybcXY36vanTgYCXPCo76dJ8m2btM15y4Q__&Key-Pair-Id=APKAJT5WQLLEOADKLHBQ 403
[Error: "url" parameter is valid but upstream response is invalid] {
  statusCode: 403
}
 ⨯ upstream image response failed for https://d2kbz8dqbfngbz.cloudfront.net/r562wf%2Fpreview%2F71285262%2Fmain_large.png?response-content-disposition=inline%3Bfilename%3D%22main_large.png%22%3B&response-content-type=image%2Fpng&Expires=1758929600&Signature=dekmASNwO8Ynxzks2xAv7rQAiV5yFNEFKIp-fd2zROOtbxkpEgvAGZ9DpyFjaRsNe3DDRo-GXBLQDams2Rt45Z5UYncaF5VU5FBaUfU47F4sugelmnJySxek0h9gOgo-uYUSZvt9ZzF8IFfKQMe8n45V7D~dEmfpqALGk4kXq6MRZraUwIwlEMztuHDX2dz05uvJG4vA4L8wr8-~WtnMd1YKEt1J41n9bS2Zgodj2iIs6~X95XaJjYcrK-QrN3vutSyQWh89m9FckS1WogU1l1HmDalTEjXNmpD0UhuStoehGbWdyPxy~IpdE5wlz2iuNKvajNDjYNwOwDjfLy1T9A__&Key-Pair-Id=APKAJT5WQLLEOADKLHBQ 403
 ⨯ upstream image response failed for https://d2nqrih5ma2h8b.cloudfront.net/d6o3wf%2Fpreview%2F71285316%2Fmain_large.png?response-content-disposition=inline%3Bfilename%3D%22main_large.png%22%3B&response-content-type=image%2Fpng&Expires=1758929974&Signature=e91J09p2wQQeaYKhOC1C1tT7fRtfvAam-aojDzT8X2NLE~4IG~bz2u32H0IPD9GZL3RzX3pvPZJMuo6P1Cg7Sno54Jqcx9O5JDQtNaQ7lT62zMv4Q~JRFByuJEVayeVzp6EnwGuTzvLSYaov7A9861jUEI3XjLd58oQgTrNUCkBMZuvAS1ZeKLi9NJyp06vjZ7RI1iHjlqQPLwU1rEhJKyo8x9IiCYDmzVAxpIXAMBzBLvBHkompCGdfnkVFGWaB56nFqlgNnJJu7bPv1dKMVwyxaY6ZwZ-ZReBIX0s0whVGKL5XEB2RmvQVpZx3DI7gX8kmRCfNjl8YKuUIf8LjLA__&Key-Pair-Id=APKAJT5WQLLEOADKLHBQ 403
[Error: "url" parameter is valid but upstream response is invalid] {
  statusCode: 403
}
[Error: "url" parameter is valid but upstream response is invalid] {
  statusCode: 403
}
 ⨯ upstream image response failed for https://id-preview--fe1a8458-0fa4-49b8-8556-e879eaf54aad.lovable.app/assets/profile-headshot-Bv4Z_5Dq.jpg 404
[Error: "url" parameter is valid but upstream response is invalid] {
  statusCode: 404
}
 GET /favicon.ico?favicon.0b3bf435.ico 200 in 258ms
 ⨯ upstream image response failed for https://d1mrnwe9chdcuv.cloudfront.net/w5izld%2Fpreview%2F71178894%2Fmain_large.png?response-content-disposition=inline%3Bfilename%3D%22main_large.png%22%3B&response-content-type=&Expires=1758667885&Signature=DUqbPj1QGqJOv1kJZTIJfvPw3no~Oox-QqSS4DkRFQyDRDPEYYTqaOApsGJQv0Qe~gJivFhm-GhISDy~5zpWqfVtlRDY50uVWW54ypbOxtPnCeQSL7nArhe5WsCAPYJRXuDc4gR4NsI7Ixh4iwYh9PYigfz2iMMOPuUQ73DC8zTj0n-RGm0~ul~PUHwnmXftpn9i92bdWcP0cv~YNIHT0c71QLmFJ-8zkxmWLPmvHgPaX1V9rUYzUgvpB7jYWxw0MMIbXXTZj3a9qeUQVfLLu4BJzuN136fmICOMRdFrEKF4KAmdCqVKtHchHsEhXu-HbRn3V69yGDb9BhRxZjIzIg__&Key-Pair-Id=APKAJT5WQLLEOADKLHBQ 403
[Error: "url" parameter is valid but upstream response is invalid] {
  statusCode: 403
}
 ○ Compiling /_not-found/page ...
 ✓ Compiled /_not-found/page in 715ms
 GET /Joel-Torres-Resume.pdf 404 in 808ms
 GET / 200 in 216ms
 ⨯ upstream image response failed for https://d36vu4awtdgnqw.cloudfront.net/1y4cd%2Fpreview%2F71166130%2Fmain_large.png?response-content-disposition=inline%3Bfilename%3D%22main_large.png%22%3B&response-content-type=&Expires=1758648399&Signature=RhoaiTGj6bpjXm7-Q44E30MGUhpWQb5~whR1Xxl1A7hfO21OlYB5sloRyKdKVfSO0B~Jnx6uMq7EndHSliE1nLLg-oIanAj8~nn-H0WI3QznqD~s66NXB4-~TxeJri9Lvs0RyafGXCSKQlp26ixaSyVNGXK5uF2e2pX6l0n4IO4Wekhwg-3-hZwvAz8zJO2twql0hBGkpEcgjslaqEMVPLTYh62gIOWmw8cshWKOPAM1Hq-E0qPRAa9gNGkKtSDuIDI2XCNl2FvMESWrSyNLMocNq~YJSFxRyrFJ8Ho4EWtyUBAgJkoAnybcXY36vanTgYCXPCo76dJ8m2btM15y4Q__&Key-Pair-Id=APKAJT5WQLLEOADKLHBQ 403
[Error: "url" parameter is valid but upstream response is invalid] {
  statusCode: 403
}
 ⨯ upstream image response failed for https://d1mrnwe9chdcuv.cloudfront.net/w5izld%2Fpreview%2F71178894%2Fmain_large.png?response-content-disposition=inline%3Bfilename%3D%22main_large.png%22%3B&response-content-type=&Expires=1758667885&Signature=DUqbPj1QGqJOv1kJZTIJfvPw3no~Oox-QqSS4DkRFQyDRDPEYYTqaOApsGJQv0Qe~gJivFhm-GhISDy~5zpWqfVtlRDY50uVWW54ypbOxtPnCeQSL7nArhe5WsCAPYJRXuDc4gR4NsI7Ixh4iwYh9PYigfz2iMMOPuUQ73DC8zTj0n-RGm0~ul~PUHwnmXftpn9i92bdWcP0cv~YNIHT0c71QLmFJ-8zkxmWLPmvHgPaX1V9rUYzUgvpB7jYWxw0MMIbXXTZj3a9qeUQVfLLu4BJzuN136fmICOMRdFrEKF4KAmdCqVKtHchHsEhXu-HbRn3V69yGDb9BhRxZjIzIg__&Key-Pair-Id=APKAJT5WQLLEOADKLHBQ 403
[Error: "url" parameter is valid but upstream response is invalid] {
  statusCode: 403
}
 ⨯ upstream image response failed for https://id-preview--fe1a8458-0fa4-49b8-8556-e879eaf54aad.lovable.app/assets/profile-headshot-Bv4Z_5Dq.jpg 404
[Error: "url" parameter is valid but upstream response is invalid] {
  statusCode: 404
}
 GET /favicon.ico?favicon.0b3bf435.ico 200 in 247ms
 GET /Joel-Torres-Resume.pdf 404 in 67ms
 ✓ Compiled in 195ms
 ✓ Compiled / in 22ms
 GET / 200 in 156ms
 GET /joel-torres-resume.pdf 404 in 131ms
 GET / 200 in 285ms
 ⨯ upstream image response failed for https://d36vu4awtdgnqw.cloudfront.net/1y4cd%2Fpreview%2F71166130%2Fmain_large.png?response-content-disposition=inline%3Bfilename%3D%22main_large.png%22%3B&response-content-type=&Expires=1758648399&Signature=RhoaiTGj6bpjXm7-Q44E30MGUhpWQb5~whR1Xxl1A7hfO21OlYB5sloRyKdKVfSO0B~Jnx6uMq7EndHSliE1nLLg-oIanAj8~nn-H0WI3QznqD~s66NXB4-~TxeJri9Lvs0RyafGXCSKQlp26ixaSyVNGXK5uF2e2pX6l0n4IO4Wekhwg-3-hZwvAz8zJO2twql0hBGkpEcgjslaqEMVPLTYh62gIOWmw8cshWKOPAM1Hq-E0qPRAa9gNGkKtSDuIDI2XCNl2FvMESWrSyNLMocNq~YJSFxRyrFJ8Ho4EWtyUBAgJkoAnybcXY36vanTgYCXPCo76dJ8m2btM15y4Q__&Key-Pair-Id=APKAJT5WQLLEOADKLHBQ 403
[Error: "url" parameter is valid but upstream response is invalid] {
  statusCode: 403
}
 ⨯ upstream image response failed for https://d1mrnwe9chdcuv.cloudfront.net/w5izld%2Fpreview%2F71178894%2Fmain_large.png?response-content-disposition=inline%3Bfilename%3D%22main_large.png%22%3B&response-content-type=&Expires=1758667885&Signature=DUqbPj1QGqJOv1kJZTIJfvPw3no~Oox-QqSS4DkRFQyDRDPEYYTqaOApsGJQv0Qe~gJivFhm-GhISDy~5zpWqfVtlRDY50uVWW54ypbOxtPnCeQSL7nArhe5WsCAPYJRXuDc4gR4NsI7Ixh4iwYh9PYigfz2iMMOPuUQ73DC8zTj0n-RGm0~ul~PUHwnmXftpn9i92bdWcP0cv~YNIHT0c71QLmFJ-8zkxmWLPmvHgPaX1V9rUYzUgvpB7jYWxw0MMIbXXTZj3a9qeUQVfLLu4BJzuN136fmICOMRdFrEKF4KAmdCqVKtHchHsEhXu-HbRn3V69yGDb9BhRxZjIzIg__&Key-Pair-Id=APKAJT5WQLLEOADKLHBQ 403
[Error: "url" parameter is valid but upstream response is invalid] {
  statusCode: 403
}
 ⨯ upstream image response failed for https://id-preview--fe1a8458-0fa4-49b8-8556-e879eaf54aad.lovable.app/assets/profile-headshot-Bv4Z_5Dq.jpg 404
[Error: "url" parameter is valid but upstream response is invalid] {
  statusCode: 404
}
 GET /favicon.ico?favicon.0b3bf435.ico 200 in 276ms
 GET /joel-torres-resume.pdf 404 in 81ms
 GET / 200 in 203ms
 GET /favicon.ico?favicon.0b3bf435.ico 200 in 278ms
 GET /joel-torres-resume.pdf 404 in 69ms
 ✓ Compiled in 218ms
 ✓ Compiled / in 30ms
 GET / 200 in 144ms
 ✓ Compiled / in 20ms
 GET / 200 in 170ms
 GET / 200 in 227ms
 ⨯ upstream image response failed for https://d36vu4awtdgnqw.cloudfront.net/1y4cd%2Fpreview%2F71166130%2Fmain_large.png?response-content-disposition=inline%3Bfilename%3D%22main_large.png%22%3B&response-content-type=&Expires=1758648399&Signature=RhoaiTGj6bpjXm7-Q44E30MGUhpWQb5~whR1Xxl1A7hfO21OlYB5sloRyKdKVfSO0B~Jnx6uMq7EndHSliE1nLLg-oIanAj8~nn-H0WI3QznqD~s66NXB4-~TxeJri9Lvs0RyafGXCSKQlp26ixaSyVNGXK5uF2e2pX6l0n4IO4Wekhwg-3-hZwvAz8zJO2twql0hBGkpEcgjslaqEMVPLTYh62gIOWmw8cshWKOPAM1Hq-E0qPRAa9gNGkKtSDuIDI2XCNl2FvMESWrSyNLMocNq~YJSFxRyrFJ8Ho4EWtyUBAgJkoAnybcXY36vanTgYCXPCo76dJ8m2btM15y4Q__&Key-Pair-Id=APKAJT5WQLLEOADKLHBQ 403
[Error: "url" parameter is valid but upstream response is invalid] {
  statusCode: 403
}
 ⨯ upstream image response failed for https://d1mrnwe9chdcuv.cloudfront.net/w5izld%2Fpreview%2F71178894%2Fmain_large.png?response-content-disposition=inline%3Bfilename%3D%22main_large.png%22%3B&response-content-type=&Expires=1758667885&Signature=DUqbPj1QGqJOv1kJZTIJfvPw3no~Oox-QqSS4DkRFQyDRDPEYYTqaOApsGJQv0Qe~gJivFhm-GhISDy~5zpWqfVtlRDY50uVWW54ypbOxtPnCeQSL7nArhe5WsCAPYJRXuDc4gR4NsI7Ixh4iwYh9PYigfz2iMMOPuUQ73DC8zTj0n-RGm0~ul~PUHwnmXftpn9i92bdWcP0cv~YNIHT0c71QLmFJ-8zkxmWLPmvHgPaX1V9rUYzUgvpB7jYWxw0MMIbXXTZj3a9qeUQVfLLu4BJzuN136fmICOMRdFrEKF4KAmdCqVKtHchHsEhXu-HbRn3V69yGDb9BhRxZjIzIg__&Key-Pair-Id=APKAJT5WQLLEOADKLHBQ 403
[Error: "url" parameter is valid but upstream response is invalid] {
  statusCode: 403
}
 ⨯ upstream image response failed for https://id-preview--fe1a8458-0fa4-49b8-8556-e879eaf54aad.lovable.app/assets/profile-headshot-Bv4Z_5Dq.jpg 404
[Error: "url" parameter is valid but upstream response is invalid] {
  statusCode: 404
}
 GET /favicon.ico?favicon.0b3bf435.ico 200 in 240ms
 ✓ Compiled / in 23ms
 ✓ Compiled in 195ms
 GET / 200 in 134ms
 ✓ Compiled / in 21ms
 GET / 200 in 103ms
 ⨯ upstream image response failed for https://d36vu4awtdgnqw.cloudfront.net/1y4cd%2Fpreview%2F71166130%2Fmain_large.png?response-content-disposition=inline%3Bfilename%3D%22main_large.png%22%3B&response-content-type=&Expires=1758648399&Signature=RhoaiTGj6bpjXm7-Q44E30MGUhpWQb5~whR1Xxl1A7hfO21OlYB5sloRyKdKVfSO0B~Jnx6uMq7EndHSliE1nLLg-oIanAj8~nn-H0WI3QznqD~s66NXB4-~TxeJri9Lvs0RyafGXCSKQlp26ixaSyVNGXK5uF2e2pX6l0n4IO4Wekhwg-3-hZwvAz8zJO2twql0hBGkpEcgjslaqEMVPLTYh62gIOWmw8cshWKOPAM1Hq-E0qPRAa9gNGkKtSDuIDI2XCNl2FvMESWrSyNLMocNq~YJSFxRyrFJ8Ho4EWtyUBAgJkoAnybcXY36vanTgYCXPCo76dJ8m2btM15y4Q__&Key-Pair-Id=APKAJT5WQLLEOADKLHBQ 403
[Error: "url" parameter is valid but upstream response is invalid] {
  statusCode: 403
}
 GET / 200 in 480ms
 ⨯ upstream image response failed for https://d1mrnwe9chdcuv.cloudfront.net/w5izld%2Fpreview%2F71178894%2Fmain_large.png?response-content-disposition=inline%3Bfilename%3D%22main_large.png%22%3B&response-content-type=&Expires=1758667885&Signature=DUqbPj1QGqJOv1kJZTIJfvPw3no~Oox-QqSS4DkRFQyDRDPEYYTqaOApsGJQv0Qe~gJivFhm-GhISDy~5zpWqfVtlRDY50uVWW54ypbOxtPnCeQSL7nArhe5WsCAPYJRXuDc4gR4NsI7Ixh4iwYh9PYigfz2iMMOPuUQ73DC8zTj0n-RGm0~ul~PUHwnmXftpn9i92bdWcP0cv~YNIHT0c71QLmFJ-8zkxmWLPmvHgPaX1V9rUYzUgvpB7jYWxw0MMIbXXTZj3a9qeUQVfLLu4BJzuN136fmICOMRdFrEKF4KAmdCqVKtHchHsEhXu-HbRn3V69yGDb9BhRxZjIzIg__&Key-Pair-Id=APKAJT5WQLLEOADKLHBQ 403
[Error: "url" parameter is valid but upstream response is invalid] {
  statusCode: 403
}
 ⨯ upstream image response failed for https://id-preview--fe1a8458-0fa4-49b8-8556-e879eaf54aad.lovable.app/assets/profile-headshot-Bv4Z_5Dq.jpg 404
[Error: "url" parameter is valid but upstream response is invalid] {
  statusCode: 404
}
 GET /favicon.ico?favicon.0b3bf435.ico 200 in 313ms
 ✓ Compiled / in 19ms
 GET / 200 in 106ms
 ⨯ upstream image response failed for https://d2nqrih5ma2h8b.cloudfront.net/d6o3wf%2Fpreview%2F71285316%2Fmain_large.png?response-content-disposition=inline%3Bfilename%3D%22main_large.png%22%3B&response-content-type=image%2Fpng&Expires=1758929974&Signature=e91J09p2wQQeaYKhOC1C1tT7fRtfvAam-aojDzT8X2NLE~4IG~bz2u32H0IPD9GZL3RzX3pvPZJMuo6P1Cg7Sno54Jqcx9O5JDQtNaQ7lT62zMv4Q~JRFByuJEVayeVzp6EnwGuTzvLSYaov7A9861jUEI3XjLd58oQgTrNUCkBMZuvAS1ZeKLi9NJyp06vjZ7RI1iHjlqQPLwU1rEhJKyo8x9IiCYDmzVAxpIXAMBzBLvBHkompCGdfnkVFGWaB56nFqlgNnJJu7bPv1dKMVwyxaY6ZwZ-ZReBIX0s0whVGKL5XEB2RmvQVpZx3DI7gX8kmRCfNjl8YKuUIf8LjLA__&Key-Pair-Id=APKAJT5WQLLEOADKLHBQ 403
[Error: "url" parameter is valid but upstream response is invalid] {
  statusCode: 403
}
 ⨯ upstream image response failed for https://d2kbz8dqbfngbz.cloudfront.net/r562wf%2Fpreview%2F71285262%2Fmain_large.png?response-content-disposition=inline%3Bfilename%3D%22main_large.png%22%3B&response-content-type=image%2Fpng&Expires=1758929600&Signature=dekmASNwO8Ynxzks2xAv7rQAiV5yFNEFKIp-fd2zROOtbxkpEgvAGZ9DpyFjaRsNe3DDRo-GXBLQDams2Rt45Z5UYncaF5VU5FBaUfU47F4sugelmnJySxek0h9gOgo-uYUSZvt9ZzF8IFfKQMe8n45V7D~dEmfpqALGk4kXq6MRZraUwIwlEMztuHDX2dz05uvJG4vA4L8wr8-~WtnMd1YKEt1J41n9bS2Zgodj2iIs6~X95XaJjYcrK-QrN3vutSyQWh89m9FckS1WogU1l1HmDalTEjXNmpD0UhuStoehGbWdyPxy~IpdE5wlz2iuNKvajNDjYNwOwDjfLy1T9A__&Key-Pair-Id=APKAJT5WQLLEOADKLHBQ 403
[Error: "url" parameter is valid but upstream response is invalid] {
  statusCode: 403
}
 ✓ Compiled in 539ms
 ✓ Compiled / in 26ms
 GET / 200 in 169ms
 ⨯ [Error: Invalid src prop (https://d27xfwajjnh0ta.cloudfront.net/l0a43g%2Fpreview%2F71294410%2Fmain_large.png?response-content-disposition=inline%3Bfilename%3D%22main_large.png%22%3B&response-content-type=image%2Fpng&Expires=1758977463&Signature=TMcOu-9GN~yUJFK6~8NgjnS5er~Xow~M4xntSjB8rm-XDKU6hnglPAFHYq9tLGI~57LCGVfTYwH1zn3upFwC6Sbj0cxMVLjZymymkfcKSGcHCNm6MbTx3q-~PEVj3A-PKD-N1Haw-68Eh4LcorCdySeEcL3nGmGKzMphVcJYSBfu0RmpttwPf0PPV-r4~Dw0av4oEdWk1ALGDr2B2urUNhBlS2woVHKRweYQI2CxZ3LDo-9gl8OOaqOOD5ODrabib05ZZUOYBoGxBK1k9BqZdN1powssq0ArD3s31j5ckOQqz12ai-Kb1IwGdNkXlLYQlGRIE83nOzFmT2bvZzgNyA__&Key-Pair-Id=APKAJT5WQLLEOADKLHBQ) on `next/image`, hostname "d27xfwajjnh0ta.cloudfront.net" is not configured under images in your `next.config.js`
See more info: https://nextjs.org/docs/messages/next-image-unconfigured-host] {
  digest: '2169475058'
}
 GET / 500 in 326ms
 ⨯ upstream image response failed for https://d36vu4awtdgnqw.cloudfront.net/1y4cd%2Fpreview%2F71166130%2Fmain_large.png?response-content-disposition=inline%3Bfilename%3D%22main_large.png%22%3B&response-content-type=&Expires=1758648399&Signature=RhoaiTGj6bpjXm7-Q44E30MGUhpWQb5~whR1Xxl1A7hfO21OlYB5sloRyKdKVfSO0B~Jnx6uMq7EndHSliE1nLLg-oIanAj8~nn-H0WI3QznqD~s66NXB4-~TxeJri9Lvs0RyafGXCSKQlp26ixaSyVNGXK5uF2e2pX6l0n4IO4Wekhwg-3-hZwvAz8zJO2twql0hBGkpEcgjslaqEMVPLTYh62gIOWmw8cshWKOPAM1Hq-E0qPRAa9gNGkKtSDuIDI2XCNl2FvMESWrSyNLMocNq~YJSFxRyrFJ8Ho4EWtyUBAgJkoAnybcXY36vanTgYCXPCo76dJ8m2btM15y4Q__&Key-Pair-Id=APKAJT5WQLLEOADKLHBQ 403
[Error: "url" parameter is valid but upstream response is invalid] {
  statusCode: 403
}
 GET /favicon.ico 200 in 275ms
 ⨯ upstream image response failed for https://id-preview--fe1a8458-0fa4-49b8-8556-e879eaf54aad.lovable.app/assets/profile-headshot-Bv4Z_5Dq.jpg 404
[Error: "url" parameter is valid but upstream response is invalid] {
  statusCode: 404
}
 ⨯ [Error: Invalid src prop (https://d27xfwajjnh0ta.cloudfront.net/l0a43g%2Fpreview%2F71294410%2Fmain_large.png?response-content-disposition=inline%3Bfilename%3D%22main_large.png%22%3B&response-content-type=image%2Fpng&Expires=1758977463&Signature=TMcOu-9GN~yUJFK6~8NgjnS5er~Xow~M4xntSjB8rm-XDKU6hnglPAFHYq9tLGI~57LCGVfTYwH1zn3upFwC6Sbj0cxMVLjZymymkfcKSGcHCNm6MbTx3q-~PEVj3A-PKD-N1Haw-68Eh4LcorCdySeEcL3nGmGKzMphVcJYSBfu0RmpttwPf0PPV-r4~Dw0av4oEdWk1ALGDr2B2urUNhBlS2woVHKRweYQI2CxZ3LDo-9gl8OOaqOOD5ODrabib05ZZUOYBoGxBK1k9BqZdN1powssq0ArD3s31j5ckOQqz12ai-Kb1IwGdNkXlLYQlGRIE83nOzFmT2bvZzgNyA__&Key-Pair-Id=APKAJT5WQLLEOADKLHBQ) on `next/image`, hostname "d27xfwajjnh0ta.cloudfront.net" is not configured under images in your `next.config.js`
See more info: https://nextjs.org/docs/messages/next-image-unconfigured-host] {
  digest: '2169475058'
}
 GET / 500 in 141ms
 GET /favicon.ico 200 in 253ms
 ⚠ Found a change in next.config.ts. Restarting the server to apply the changes...
   ▲ Next.js 15.5.3 (Turbopack)
   - Local:        http://localhost:3000
   - Network:      http://10.11.11.169:3000

 ✓ Starting...
 ✓ Ready in 1120ms
 ⚠ Found a change in next.config.ts. Restarting the server to apply the changes...
   ▲ Next.js 15.5.3 (Turbopack)
   - Local:        http://localhost:3000
   - Network:      http://10.11.11.169:3000

 ✓ Starting...
 ✓ Ready in 983ms
 ○ Compiling / ...
 ✓ Compiled / in 1769ms
 GET / 200 in 2207ms
 ⨯ upstream image response failed for https://d2kbz8dqbfngbz.cloudfront.net/r562wf%2Fpreview%2F71285262%2Fmain_large.png?response-content-disposition=inline%3Bfilename%3D%22main_large.png%22%3B&response-content-type=image%2Fpng&Expires=1758929600&Signature=dekmASNwO8Ynxzks2xAv7rQAiV5yFNEFKIp-fd2zROOtbxkpEgvAGZ9DpyFjaRsNe3DDRo-GXBLQDams2Rt45Z5UYncaF5VU5FBaUfU47F4sugelmnJySxek0h9gOgo-uYUSZvt9ZzF8IFfKQMe8n45V7D~dEmfpqALGk4kXq6MRZraUwIwlEMztuHDX2dz05uvJG4vA4L8wr8-~WtnMd1YKEt1J41n9bS2Zgodj2iIs6~X95XaJjYcrK-QrN3vutSyQWh89m9FckS1WogU1l1HmDalTEjXNmpD0UhuStoehGbWdyPxy~IpdE5wlz2iuNKvajNDjYNwOwDjfLy1T9A__&Key-Pair-Id=APKAJT5WQLLEOADKLHBQ 403
[Error: "url" parameter is valid but upstream response is invalid] {
  statusCode: 403
}
 ⨯ upstream image response failed for https://d2nqrih5ma2h8b.cloudfront.net/d6o3wf%2Fpreview%2F71285316%2Fmain_large.png?response-content-disposition=inline%3Bfilename%3D%22main_large.png%22%3B&response-content-type=image%2Fpng&Expires=1758929974&Signature=e91J09p2wQQeaYKhOC1C1tT7fRtfvAam-aojDzT8X2NLE~4IG~bz2u32H0IPD9GZL3RzX3pvPZJMuo6P1Cg7Sno54Jqcx9O5JDQtNaQ7lT62zMv4Q~JRFByuJEVayeVzp6EnwGuTzvLSYaov7A9861jUEI3XjLd58oQgTrNUCkBMZuvAS1ZeKLi9NJyp06vjZ7RI1iHjlqQPLwU1rEhJKyo8x9IiCYDmzVAxpIXAMBzBLvBHkompCGdfnkVFGWaB56nFqlgNnJJu7bPv1dKMVwyxaY6ZwZ-ZReBIX0s0whVGKL5XEB2RmvQVpZx3DI7gX8kmRCfNjl8YKuUIf8LjLA__&Key-Pair-Id=APKAJT5WQLLEOADKLHBQ 403
[Error: "url" parameter is valid but upstream response is invalid] {
  statusCode: 403
}
 ✓ Compiled /favicon.ico in 204ms
 GET /favicon.ico?favicon.0b3bf435.ico 200 in 479ms
 ⨯ upstream image response failed for https://d1mrnwe9chdcuv.cloudfront.net/w5izld%2Fpreview%2F71178894%2Fmain_large.png?response-content-disposition=inline%3Bfilename%3D%22main_large.png%22%3B&response-content-type=&Expires=1758667885&Signature=DUqbPj1QGqJOv1kJZTIJfvPw3no~Oox-QqSS4DkRFQyDRDPEYYTqaOApsGJQv0Qe~gJivFhm-GhISDy~5zpWqfVtlRDY50uVWW54ypbOxtPnCeQSL7nArhe5WsCAPYJRXuDc4gR4NsI7Ixh4iwYh9PYigfz2iMMOPuUQ73DC8zTj0n-RGm0~ul~PUHwnmXftpn9i92bdWcP0cv~YNIHT0c71QLmFJ-8zkxmWLPmvHgPaX1V9rUYzUgvpB7jYWxw0MMIbXXTZj3a9qeUQVfLLu4BJzuN136fmICOMRdFrEKF4KAmdCqVKtHchHsEhXu-HbRn3V69yGDb9BhRxZjIzIg__&Key-Pair-Id=APKAJT5WQLLEOADKLHBQ 403
[Error: "url" parameter is valid but upstream response is invalid] {
  statusCode: 403
}
 ✓ Compiled / in 24ms
 GET / 200 in 182ms
 ⚠ Found a change in next.config.ts. Restarting the server to apply the changes...
   ▲ Next.js 15.5.3 (Turbopack)
   - Local:        http://localhost:3000
   - Network:      http://10.11.11.169:3000

 ✓ Starting...
 ✓ Ready in 1416ms
 ○ Compiling / ...
 ✓ Compiled / in 2.9s
 ✓ Compiled in 104ms
 GET / 200 in 3508ms
 ⨯ upstream image response failed for https://d36vu4awtdgnqw.cloudfront.net/1y4cd%2Fpreview%2F71166130%2Fmain_large.png?response-content-disposition=inline%3Bfilename%3D%22main_large.png%22%3B&response-content-type=&Expires=1758648399&Signature=RhoaiTGj6bpjXm7-Q44E30MGUhpWQb5~whR1Xxl1A7hfO21OlYB5sloRyKdKVfSO0B~Jnx6uMq7EndHSliE1nLLg-oIanAj8~nn-H0WI3QznqD~s66NXB4-~TxeJri9Lvs0RyafGXCSKQlp26ixaSyVNGXK5uF2e2pX6l0n4IO4Wekhwg-3-hZwvAz8zJO2twql0hBGkpEcgjslaqEMVPLTYh62gIOWmw8cshWKOPAM1Hq-E0qPRAa9gNGkKtSDuIDI2XCNl2FvMESWrSyNLMocNq~YJSFxRyrFJ8Ho4EWtyUBAgJkoAnybcXY36vanTgYCXPCo76dJ8m2btM15y4Q__&Key-Pair-Id=APKAJT5WQLLEOADKLHBQ 403
 ⨯ upstream image response failed for https://d2kbz8dqbfngbz.cloudfront.net/r562wf%2Fpreview%2F71285262%2Fmain_large.png?response-content-disposition=inline%3Bfilename%3D%22main_large.png%22%3B&response-content-type=image%2Fpng&Expires=1758929600&Signature=dekmASNwO8Ynxzks2xAv7rQAiV5yFNEFKIp-fd2zROOtbxkpEgvAGZ9DpyFjaRsNe3DDRo-GXBLQDams2Rt45Z5UYncaF5VU5FBaUfU47F4sugelmnJySxek0h9gOgo-uYUSZvt9ZzF8IFfKQMe8n45V7D~dEmfpqALGk4kXq6MRZraUwIwlEMztuHDX2dz05uvJG4vA4L8wr8-~WtnMd1YKEt1J41n9bS2Zgodj2iIs6~X95XaJjYcrK-QrN3vutSyQWh89m9FckS1WogU1l1HmDalTEjXNmpD0UhuStoehGbWdyPxy~IpdE5wlz2iuNKvajNDjYNwOwDjfLy1T9A__&Key-Pair-Id=APKAJT5WQLLEOADKLHBQ 403
[Error: "url" parameter is valid but upstream response is invalid] {
  statusCode: 403
}
 ⨯ upstream image response failed for https://d2nqrih5ma2h8b.cloudfront.net/d6o3wf%2Fpreview%2F71285316%2Fmain_large.png?response-content-disposition=inline%3Bfilename%3D%22main_large.png%22%3B&response-content-type=image%2Fpng&Expires=1758929974&Signature=e91J09p2wQQeaYKhOC1C1tT7fRtfvAam-aojDzT8X2NLE~4IG~bz2u32H0IPD9GZL3RzX3pvPZJMuo6P1Cg7Sno54Jqcx9O5JDQtNaQ7lT62zMv4Q~JRFByuJEVayeVzp6EnwGuTzvLSYaov7A9861jUEI3XjLd58oQgTrNUCkBMZuvAS1ZeKLi9NJyp06vjZ7RI1iHjlqQPLwU1rEhJKyo8x9IiCYDmzVAxpIXAMBzBLvBHkompCGdfnkVFGWaB56nFqlgNnJJu7bPv1dKMVwyxaY6ZwZ-ZReBIX0s0whVGKL5XEB2RmvQVpZx3DI7gX8kmRCfNjl8YKuUIf8LjLA__&Key-Pair-Id=APKAJT5WQLLEOADKLHBQ 403
[Error: "url" parameter is valid but upstream response is invalid] {
  statusCode: 403
}
 ⨯ upstream image response failed for https://d27xfwajjnh0ta.cloudfront.net/l0a43g%2Fpreview%2F71294410%2Fmain_large.png?response-content-disposition=inline%3Bfilename%3D%22main_large.png%22%3B&response-content-type=image%2Fpng&Expires=1758977463&Signature=TMcOu-9GN~yUJFK6~8NgjnS5er~Xow~M4xntSjB8rm-XDKU6hnglPAFHYq9tLGI~57LCGVfTYwH1zn3upFwC6Sbj0cxMVLjZymymkfcKSGcHCNm6MbTx3q-~PEVj3A-PKD-N1Haw-68Eh4LcorCdySeEcL3nGmGKzMphVcJYSBfu0RmpttwPf0PPV-r4~Dw0av4oEdWk1ALGDr2B2urUNhBlS2woVHKRweYQI2CxZ3LDo-9gl8OOaqOOD5ODrabib05ZZUOYBoGxBK1k9BqZdN1powssq0ArD3s31j5ckOQqz12ai-Kb1IwGdNkXlLYQlGRIE83nOzFmT2bvZzgNyA__&Key-Pair-Id=APKAJT5WQLLEOADKLHBQ 403
[Error: "url" parameter is valid but upstream response is invalid] {
  statusCode: 403
}
[Error: "url" parameter is valid but upstream response is invalid] {
  statusCode: 403
}
 ⨯ upstream image response failed for https://id-preview--fe1a8458-0fa4-49b8-8556-e879eaf54aad.lovable.app/assets/profile-headshot-Bv4Z_5Dq.jpg 404
[Error: "url" parameter is valid but upstream response is invalid] {
  statusCode: 404
}
 ⨯ upstream image response failed for https://d1mrnwe9chdcuv.cloudfront.net/w5izld%2Fpreview%2F71178894%2Fmain_large.png?response-content-disposition=inline%3Bfilename%3D%22main_large.png%22%3B&response-content-type=&Expires=1758667885&Signature=DUqbPj1QGqJOv1kJZTIJfvPw3no~Oox-QqSS4DkRFQyDRDPEYYTqaOApsGJQv0Qe~gJivFhm-GhISDy~5zpWqfVtlRDY50uVWW54ypbOxtPnCeQSL7nArhe5WsCAPYJRXuDc4gR4NsI7Ixh4iwYh9PYigfz2iMMOPuUQ73DC8zTj0n-RGm0~ul~PUHwnmXftpn9i92bdWcP0cv~YNIHT0c71QLmFJ-8zkxmWLPmvHgPaX1V9rUYzUgvpB7jYWxw0MMIbXXTZj3a9qeUQVfLLu4BJzuN136fmICOMRdFrEKF4KAmdCqVKtHchHsEhXu-HbRn3V69yGDb9BhRxZjIzIg__&Key-Pair-Id=APKAJT5WQLLEOADKLHBQ 403
[Error: "url" parameter is valid but upstream response is invalid] {
  statusCode: 403
}
 ✓ Compiled /favicon.ico in 127ms
 GET /favicon.ico?favicon.0b3bf435.ico 200 in 392ms
 ⚠ Found a change in next.config.ts. Restarting the server to apply the changes...
   ▲ Next.js 15.5.3 (Turbopack)
   - Local:        http://localhost:3000
   - Network:      http://10.11.11.169:3000

 ✓ Starting...
 ✓ Ready in 1140ms
 ○ Compiling / ...
 ✓ Compiled / in 1783ms
 GET / 200 in 2308ms
 ✓ Compiled /favicon.ico in 305ms
 GET /favicon.ico?favicon.0b3bf435.ico 200 in 582ms
 ✓ Compiled in 189ms
 ✓ Compiled / in 40ms
 GET / 200 in 156ms
 ✓ Compiled / in 19ms
 GET / 200 in 80ms
 ✓ Compiled / in 13ms
 GET / 200 in 75ms
 ✓ Compiled / in 23ms
 GET / 200 in 103ms
 ✓ Compiled in 133ms
 ✓ Compiled / in 29ms
 GET / 200 in 115ms
 ✓ Compiled / in 16ms
 GET / 200 in 95ms
 ✓ Compiled / in 13ms
 GET / 200 in 92ms
 ⚠ Found a change in next.config.ts. Restarting the server to apply the changes...
   ▲ Next.js 15.5.3 (Turbopack)
   - Local:        http://localhost:3000
   - Network:      http://10.11.11.169:3000

 ✓ Starting...
 ✓ Ready in 1073ms
 ⚠ Found a change in next.config.ts. Restarting the server to apply the changes...
   ▲ Next.js 15.5.3 (Turbopack)
   - Local:        http://localhost:3000
   - Network:      http://10.11.11.169:3000

 ✓ Starting...
 ✓ Ready in 1021ms
 ○ Compiling / ...
 ✓ Compiled / in 1916ms
 GET / 200 in 2401ms
 ⨯ upstream image response failed for https://d36vu4awtdgnqw.cloudfront.net/1y4cd%2Fpreview%2F71166130%2Fmain_large.png?response-content-disposition=inline%3Bfilename%3D%22main_large.png%22%3B&response-content-type=&Expires=1758648399&Signature=RhoaiTGj6bpjXm7-Q44E30MGUhpWQb5~whR1Xxl1A7hfO21OlYB5sloRyKdKVfSO0B~Jnx6uMq7EndHSliE1nLLg-oIanAj8~nn-H0WI3QznqD~s66NXB4-~TxeJri9Lvs0RyafGXCSKQlp26ixaSyVNGXK5uF2e2pX6l0n4IO4Wekhwg-3-hZwvAz8zJO2twql0hBGkpEcgjslaqEMVPLTYh62gIOWmw8cshWKOPAM1Hq-E0qPRAa9gNGkKtSDuIDI2XCNl2FvMESWrSyNLMocNq~YJSFxRyrFJ8Ho4EWtyUBAgJkoAnybcXY36vanTgYCXPCo76dJ8m2btM15y4Q__&Key-Pair-Id=APKAJT5WQLLEOADKLHBQ 403
[Error: "url" parameter is valid but upstream response is invalid] {
  statusCode: 403
}
 ⨯ upstream image response failed for https://d2kbz8dqbfngbz.cloudfront.net/r562wf%2Fpreview%2F71285262%2Fmain_large.png?response-content-disposition=inline%3Bfilename%3D%22main_large.png%22%3B&response-content-type=image%2Fpng&Expires=1758929600&Signature=dekmASNwO8Ynxzks2xAv7rQAiV5yFNEFKIp-fd2zROOtbxkpEgvAGZ9DpyFjaRsNe3DDRo-GXBLQDams2Rt45Z5UYncaF5VU5FBaUfU47F4sugelmnJySxek0h9gOgo-uYUSZvt9ZzF8IFfKQMe8n45V7D~dEmfpqALGk4kXq6MRZraUwIwlEMztuHDX2dz05uvJG4vA4L8wr8-~WtnMd1YKEt1J41n9bS2Zgodj2iIs6~X95XaJjYcrK-QrN3vutSyQWh89m9FckS1WogU1l1HmDalTEjXNmpD0UhuStoehGbWdyPxy~IpdE5wlz2iuNKvajNDjYNwOwDjfLy1T9A__&Key-Pair-Id=APKAJT5WQLLEOADKLHBQ 403
[Error: "url" parameter is valid but upstream response is invalid] {
  statusCode: 403
}
 ⨯ upstream image response failed for https://d2nqrih5ma2h8b.cloudfront.net/d6o3wf%2Fpreview%2F71285316%2Fmain_large.png?response-content-disposition=inline%3Bfilename%3D%22main_large.png%22%3B&response-content-type=image%2Fpng&Expires=1758929974&Signature=e91J09p2wQQeaYKhOC1C1tT7fRtfvAam-aojDzT8X2NLE~4IG~bz2u32H0IPD9GZL3RzX3pvPZJMuo6P1Cg7Sno54Jqcx9O5JDQtNaQ7lT62zMv4Q~JRFByuJEVayeVzp6EnwGuTzvLSYaov7A9861jUEI3XjLd58oQgTrNUCkBMZuvAS1ZeKLi9NJyp06vjZ7RI1iHjlqQPLwU1rEhJKyo8x9IiCYDmzVAxpIXAMBzBLvBHkompCGdfnkVFGWaB56nFqlgNnJJu7bPv1dKMVwyxaY6ZwZ-ZReBIX0s0whVGKL5XEB2RmvQVpZx3DI7gX8kmRCfNjl8YKuUIf8LjLA__&Key-Pair-Id=APKAJT5WQLLEOADKLHBQ 403
[Error: "url" parameter is valid but upstream response is invalid] {
  statusCode: 403
}
 ⨯ upstream image response failed for https://d27xfwajjnh0ta.cloudfront.net/l0a43g%2Fpreview%2F71294410%2Fmain_large.png?response-content-disposition=inline%3Bfilename%3D%22main_large.png%22%3B&response-content-type=image%2Fpng&Expires=1758977463&Signature=TMcOu-9GN~yUJFK6~8NgjnS5er~Xow~M4xntSjB8rm-XDKU6hnglPAFHYq9tLGI~57LCGVfTYwH1zn3upFwC6Sbj0cxMVLjZymymkfcKSGcHCNm6MbTx3q-~PEVj3A-PKD-N1Haw-68Eh4LcorCdySeEcL3nGmGKzMphVcJYSBfu0RmpttwPf0PPV-r4~Dw0av4oEdWk1ALGDr2B2urUNhBlS2woVHKRweYQI2CxZ3LDo-9gl8OOaqOOD5ODrabib05ZZUOYBoGxBK1k9BqZdN1powssq0ArD3s31j5ckOQqz12ai-Kb1IwGdNkXlLYQlGRIE83nOzFmT2bvZzgNyA__&Key-Pair-Id=APKAJT5WQLLEOADKLHBQ 403
[Error: "url" parameter is valid but upstream response is invalid] {
  statusCode: 403
}
 ⨯ upstream image response failed for https://id-preview--fe1a8458-0fa4-49b8-8556-e879eaf54aad.lovable.app/assets/profile-headshot-Bv4Z_5Dq.jpg 404
 ⨯ upstream image response failed for https://d1mrnwe9chdcuv.cloudfront.net/w5izld%2Fpreview%2F71178894%2Fmain_large.png?response-content-disposition=inline%3Bfilename%3D%22main_large.png%22%3B&response-content-type=&Expires=1758667885&Signature=DUqbPj1QGqJOv1kJZTIJfvPw3no~Oox-QqSS4DkRFQyDRDPEYYTqaOApsGJQv0Qe~gJivFhm-GhISDy~5zpWqfVtlRDY50uVWW54ypbOxtPnCeQSL7nArhe5WsCAPYJRXuDc4gR4NsI7Ixh4iwYh9PYigfz2iMMOPuUQ73DC8zTj0n-RGm0~ul~PUHwnmXftpn9i92bdWcP0cv~YNIHT0c71QLmFJ-8zkxmWLPmvHgPaX1V9rUYzUgvpB7jYWxw0MMIbXXTZj3a9qeUQVfLLu4BJzuN136fmICOMRdFrEKF4KAmdCqVKtHchHsEhXu-HbRn3V69yGDb9BhRxZjIzIg__&Key-Pair-Id=APKAJT5WQLLEOADKLHBQ 403
[Error: "url" parameter is valid but upstream response is invalid] {
  statusCode: 404
}
[Error: "url" parameter is valid but upstream response is invalid] {
  statusCode: 403
}
 ✓ Compiled /favicon.ico in 162ms
 GET /favicon.ico?favicon.0b3bf435.ico 200 in 426ms
 ✓ Compiled in 244ms
 ✓ Compiled / in 39ms
 GET / 200 in 169ms
 ✓ Compiled / in 22ms
 GET / 200 in 119ms
 ✓ Compiled in 150ms
 ✓ Compiled / in 25ms
 GET / 200 in 167ms
 ✓ Compiled in 184ms
 ✓ Compiled / in 35ms
 GET / 200 in 163ms
 ✓ Compiled / in 13ms
 GET / 200 in 92ms
 ✓ Compiled / in 19ms
 GET / 200 in 96ms
 ✓ Compiled / in 25ms
 GET / 200 in 95ms
 ✓ Compiled / in 20ms
 GET / 200 in 164ms
 ✓ Compiled / in 16ms
 GET / 200 in 95ms
 ✓ Compiled in 145ms
 ✓ Compiled / in 18ms
 GET / 200 in 221ms
 ✓ Compiled in 295ms
 ✓ Compiled / in 82ms
 GET / 200 in 217ms
 ✓ Compiled / in 16ms
 GET / 200 in 143ms
 ✓ Compiled / in 15ms
 GET / 200 in 152ms
 ✓ Compiled / in 24ms
 GET / 200 in 138ms
 ✓ Compiled / in 18ms
 GET / 200 in 100ms
 ✓ Compiled / in 17ms
 GET / 200 in 122ms
 ✓ Compiled / in 14ms
 GET / 200 in 92ms
 ✓ Compiled in 82ms
 ✓ Compiled / in 16ms
 GET / 200 in 103ms
 ✓ Compiled in 61ms
 ✓ Compiled / in 44ms
 GET / 200 in 98ms
 ✓ Compiled in 201ms
 ✓ Compiled in 104ms
 ✓ Compiled / in 21ms
 GET / 200 in 122ms
 ⨯ upstream image response failed for https://d2kbz8dqbfngbz.cloudfront.net/r562wf%2Fpreview%2F71285262%2Fmain_large.png?response-content-disposition=inline%3Bfilename%3D%22main_large.png%22%3B&response-content-type=image%2Fpng&Expires=1758929600&Signature=dekmASNwO8Ynxzks2xAv7rQAiV5yFNEFKIp-fd2zROOtbxkpEgvAGZ9DpyFjaRsNe3DDRo-GXBLQDams2Rt45Z5UYncaF5VU5FBaUfU47F4sugelmnJySxek0h9gOgo-uYUSZvt9ZzF8IFfKQMe8n45V7D~dEmfpqALGk4kXq6MRZraUwIwlEMztuHDX2dz05uvJG4vA4L8wr8-~WtnMd1YKEt1J41n9bS2Zgodj2iIs6~X95XaJjYcrK-QrN3vutSyQWh89m9FckS1WogU1l1HmDalTEjXNmpD0UhuStoehGbWdyPxy~IpdE5wlz2iuNKvajNDjYNwOwDjfLy1T9A__&Key-Pair-Id=APKAJT5WQLLEOADKLHBQ 403
 ⨯ upstream image response failed for https://d2nqrih5ma2h8b.cloudfront.net/d6o3wf%2Fpreview%2F71285316%2Fmain_large.png?response-content-disposition=inline%3Bfilename%3D%22main_large.png%22%3B&response-content-type=image%2Fpng&Expires=1758929974&Signature=e91J09p2wQQeaYKhOC1C1tT7fRtfvAam-aojDzT8X2NLE~4IG~bz2u32H0IPD9GZL3RzX3pvPZJMuo6P1Cg7Sno54Jqcx9O5JDQtNaQ7lT62zMv4Q~JRFByuJEVayeVzp6EnwGuTzvLSYaov7A9861jUEI3XjLd58oQgTrNUCkBMZuvAS1ZeKLi9NJyp06vjZ7RI1iHjlqQPLwU1rEhJKyo8x9IiCYDmzVAxpIXAMBzBLvBHkompCGdfnkVFGWaB56nFqlgNnJJu7bPv1dKMVwyxaY6ZwZ-ZReBIX0s0whVGKL5XEB2RmvQVpZx3DI7gX8kmRCfNjl8YKuUIf8LjLA__&Key-Pair-Id=APKAJT5WQLLEOADKLHBQ 403
[Error: "url" parameter is valid but upstream response is invalid] {
  statusCode: 403
}
[Error: "url" parameter is valid but upstream response is invalid] {
  statusCode: 403
}
 ✓ Compiled / in 13ms
 GET / 200 in 105ms
 ✓ Compiled in 132ms
 ✓ Compiled / in 49ms
 GET / 200 in 113ms
 ⨯ upstream image response failed for https://d27xfwajjnh0ta.cloudfront.net/l0a43g%2Fpreview%2F71294410%2Fmain_large.png?response-content-disposition=inline%3Bfilename%3D%22main_large.png%22%3B&response-content-type=image%2Fpng&Expires=1758977463&Signature=TMcOu-9GN~yUJFK6~8NgjnS5er~Xow~M4xntSjB8rm-XDKU6hnglPAFHYq9tLGI~57LCGVfTYwH1zn3upFwC6Sbj0cxMVLjZymymkfcKSGcHCNm6MbTx3q-~PEVj3A-PKD-N1Haw-68Eh4LcorCdySeEcL3nGmGKzMphVcJYSBfu0RmpttwPf0PPV-r4~Dw0av4oEdWk1ALGDr2B2urUNhBlS2woVHKRweYQI2CxZ3LDo-9gl8OOaqOOD5ODrabib05ZZUOYBoGxBK1k9BqZdN1powssq0ArD3s31j5ckOQqz12ai-Kb1IwGdNkXlLYQlGRIE83nOzFmT2bvZzgNyA__&Key-Pair-Id=APKAJT5WQLLEOADKLHBQ 403
[Error: "url" parameter is valid but upstream response is invalid] {
  statusCode: 403
}
 ✓ Compiled / in 15ms
 GET / 200 in 103ms
 ⨯ upstream image response failed for https://djfxe6plvdhbj.cloudfront.net/y40c3g%2Fpreview%2F71294688%2Fmain_large.png?response-content-disposition=inline%3Bfilename%3D%22main_large.png%22%3B&response-content-type=image%2Fpng&Expires=1758978678&Signature=XU-cyzUVJr9RicFa7KZAedU4ScL6ZS6swFbLJO4JWOnyL4dDabFeQNEosiNjJPhLjcj5fQxyZU2fFEvHbYO8QGHCPXifALCZ-fNzz-g4Zd9goFFtnh5tE0NN-7yQHznXloTPV4jRqHeyEXgmPjkigKq457lxbXwomQNNZVuRdQgsZwFbYz12OE~YrxuNqpvGl8BdpiDhTYAGFY6Qx9pTm7XLsQo~xI-tJfBCkC9R1~l7P6TYlSlrecKfpBf-As43c~3KNo3H760zcH4FZvx8sGFEKe5yOQ4djB4SgezF~5JfRH6dVS1pbMwWgXqppvcWyjLk9XB3I8uC2OLXpRqy-g__&Key-Pair-Id=APKAJT5WQLLEOADKLHBQ 403
[Error: "url" parameter is valid but upstream response is invalid] {
  statusCode: 403
}
 ✓ Compiled in 94ms
 ✓ Compiled / in 13ms
 GET / 200 in 87ms
 ⨯ upstream image response failed for https://d2jedw6aeswgqp.cloudfront.net/n4n93g%2Fpreview%2F71294603%2Fmain_full.png?response-content-disposition=inline%3Bfilename%3D%22main_full.png%22%3B&response-content-type=image%2Fpng&Expires=1758978268&Signature=WcOUMggpPrJuf9EwlDhPtelHq7vr0QALozw2tV5xmmZ19pSBsw07QM6z0HWSyY79sKSLZV~MV632otcDFfkwYQYzoGNsR3pinqasKsnY-nPKPLTmvIle6kxYNlxDLY0szK0-rS0WothhwRIDltoOQWlMSlvqP-nu3vyi6zu6yZSAHbITg~5b-C1Uep7Yl~SgRxqpW4FD-nXQ30xt3daFEjtHaGTq2Kz-BR6pf~gk7iRLb0cA7AeILFxYxZHa~vf1h1Wnl4sXiaFv~6I~lrQKaxRt3NFNTPgkf0F2AqWn6I5XNqIR5fEEzIjmXMc7mMwGAitZZYQlDlKMedkflLr8dA__&Key-Pair-Id=APKAJT5WQLLEOADKLHBQ 403
[Error: "url" parameter is valid but upstream response is invalid] {
  statusCode: 403
}
 ✓ Compiled / in 13ms
 GET / 200 in 76ms
 ✓ Compiled in 77ms
 ✓ Compiled / in 21ms
 GET / 200 in 108ms
 ✓ Compiled / in 13ms
 GET / 200 in 85ms
 ✓ Compiled / in 28ms
 GET / 200 in 398ms
 ⨯ upstream image response failed for https://d1mrnwe9chdcuv.cloudfront.net/w5izld%2Fpreview%2F71178894%2Fmain_large.png?response-content-disposition=inline%3Bfilename%3D%22main_large.png%22%3B&response-content-type=&Expires=1758667885&Signature=DUqbPj1QGqJOv1kJZTIJfvPw3no~Oox-QqSS4DkRFQyDRDPEYYTqaOApsGJQv0Qe~gJivFhm-GhISDy~5zpWqfVtlRDY50uVWW54ypbOxtPnCeQSL7nArhe5WsCAPYJRXuDc4gR4NsI7Ixh4iwYh9PYigfz2iMMOPuUQ73DC8zTj0n-RGm0~ul~PUHwnmXftpn9i92bdWcP0cv~YNIHT0c71QLmFJ-8zkxmWLPmvHgPaX1V9rUYzUgvpB7jYWxw0MMIbXXTZj3a9qeUQVfLLu4BJzuN136fmICOMRdFrEKF4KAmdCqVKtHchHsEhXu-HbRn3V69yGDb9BhRxZjIzIg__&Key-Pair-Id=APKAJT5WQLLEOADKLHBQ 403
[Error: "url" parameter is valid but upstream response is invalid] {
  statusCode: 403
}
 ✓ Compiled / in 15ms
 GET / 200 in 93ms
 ✓ Compiled in 98ms
 ✓ Compiled in 76ms
 ✓ Compiled / in 34ms
 GET / 200 in 165ms
 ⨯ upstream image response failed for https://id-preview--fe1a8458-0fa4-49b8-8556-e879eaf54aad.lovable.app/assets/profile-headshot-Bv4Z_5Dq.jpg 404
[Error: "url" parameter is valid but upstream response is invalid] {
  statusCode: 404
}
 GET / 200 in 496ms
 ⨯ upstream image response failed for https://d36vu4awtdgnqw.cloudfront.net/1y4cd%2Fpreview%2F71166130%2Fmain_large.png?response-content-disposition=inline%3Bfilename%3D%22main_large.png%22%3B&response-content-type=&Expires=1758648399&Signature=RhoaiTGj6bpjXm7-Q44E30MGUhpWQb5~whR1Xxl1A7hfO21OlYB5sloRyKdKVfSO0B~Jnx6uMq7EndHSliE1nLLg-oIanAj8~nn-H0WI3QznqD~s66NXB4-~TxeJri9Lvs0RyafGXCSKQlp26ixaSyVNGXK5uF2e2pX6l0n4IO4Wekhwg-3-hZwvAz8zJO2twql0hBGkpEcgjslaqEMVPLTYh62gIOWmw8cshWKOPAM1Hq-E0qPRAa9gNGkKtSDuIDI2XCNl2FvMESWrSyNLMocNq~YJSFxRyrFJ8Ho4EWtyUBAgJkoAnybcXY36vanTgYCXPCo76dJ8m2btM15y4Q__&Key-Pair-Id=APKAJT5WQLLEOADKLHBQ 403
[Error: "url" parameter is valid but upstream response is invalid] {
  statusCode: 403
}
 GET /favicon.ico?favicon.0b3bf435.ico 200 in 285ms
 ⨯ upstream image response failed for https://d1mrnwe9chdcuv.cloudfront.net/w5izld%2Fpreview%2F71178894%2Fmain_large.png?response-content-disposition=inline%3Bfilename%3D%22main_large.png%22%3B&response-content-type=&Expires=1758667885&Signature=DUqbPj1QGqJOv1kJZTIJfvPw3no~Oox-QqSS4DkRFQyDRDPEYYTqaOApsGJQv0Qe~gJivFhm-GhISDy~5zpWqfVtlRDY50uVWW54ypbOxtPnCeQSL7nArhe5WsCAPYJRXuDc4gR4NsI7Ixh4iwYh9PYigfz2iMMOPuUQ73DC8zTj0n-RGm0~ul~PUHwnmXftpn9i92bdWcP0cv~YNIHT0c71QLmFJ-8zkxmWLPmvHgPaX1V9rUYzUgvpB7jYWxw0MMIbXXTZj3a9qeUQVfLLu4BJzuN136fmICOMRdFrEKF4KAmdCqVKtHchHsEhXu-HbRn3V69yGDb9BhRxZjIzIg__&Key-Pair-Id=APKAJT5WQLLEOADKLHBQ 403
[Error: "url" parameter is valid but upstream response is invalid] {
  statusCode: 403
}
 ⨯ upstream image response failed for https://djfxe6plvdhbj.cloudfront.net/y40c3g%2Fpreview%2F71294688%2Fmain_large.png?response-content-disposition=inline%3Bfilename%3D%22main_large.png%22%3B&response-content-type=image%2Fpng&Expires=1758978678&Signature=XU-cyzUVJr9RicFa7KZAedU4ScL6ZS6swFbLJO4JWOnyL4dDabFeQNEosiNjJPhLjcj5fQxyZU2fFEvHbYO8QGHCPXifALCZ-fNzz-g4Zd9goFFtnh5tE0NN-7yQHznXloTPV4jRqHeyEXgmPjkigKq457lxbXwomQNNZVuRdQgsZwFbYz12OE~YrxuNqpvGl8BdpiDhTYAGFY6Qx9pTm7XLsQo~xI-tJfBCkC9R1~l7P6TYlSlrecKfpBf-As43c~3KNo3H760zcH4FZvx8sGFEKe5yOQ4djB4SgezF~5JfRH6dVS1pbMwWgXqppvcWyjLk9XB3I8uC2OLXpRqy-g__&Key-Pair-Id=APKAJT5WQLLEOADKLHBQ 403
 ⨯ upstream image response failed for https://d2jedw6aeswgqp.cloudfront.net/n4n93g%2Fpreview%2F71294603%2Fmain_full.png?response-content-disposition=inline%3Bfilename%3D%22main_full.png%22%3B&response-content-type=image%2Fpng&Expires=1758978268&Signature=WcOUMggpPrJuf9EwlDhPtelHq7vr0QALozw2tV5xmmZ19pSBsw07QM6z0HWSyY79sKSLZV~MV632otcDFfkwYQYzoGNsR3pinqasKsnY-nPKPLTmvIle6kxYNlxDLY0szK0-rS0WothhwRIDltoOQWlMSlvqP-nu3vyi6zu6yZSAHbITg~5b-C1Uep7Yl~SgRxqpW4FD-nXQ30xt3daFEjtHaGTq2Kz-BR6pf~gk7iRLb0cA7AeILFxYxZHa~vf1h1Wnl4sXiaFv~6I~lrQKaxRt3NFNTPgkf0F2AqWn6I5XNqIR5fEEzIjmXMc7mMwGAitZZYQlDlKMedkflLr8dA__&Key-Pair-Id=APKAJT5WQLLEOADKLHBQ 403
[Error: "url" parameter is valid but upstream response is invalid] {
  statusCode: 403
}
[Error: "url" parameter is valid but upstream response is invalid] {
  statusCode: 403
}
 ⨯ upstream image response failed for https://d27xfwajjnh0ta.cloudfront.net/l0a43g%2Fpreview%2F71294410%2Fmain_large.png?response-content-disposition=inline%3Bfilename%3D%22main_large.png%22%3B&response-content-type=image%2Fpng&Expires=1758977463&Signature=TMcOu-9GN~yUJFK6~8NgjnS5er~Xow~M4xntSjB8rm-XDKU6hnglPAFHYq9tLGI~57LCGVfTYwH1zn3upFwC6Sbj0cxMVLjZymymkfcKSGcHCNm6MbTx3q-~PEVj3A-PKD-N1Haw-68Eh4LcorCdySeEcL3nGmGKzMphVcJYSBfu0RmpttwPf0PPV-r4~Dw0av4oEdWk1ALGDr2B2urUNhBlS2woVHKRweYQI2CxZ3LDo-9gl8OOaqOOD5ODrabib05ZZUOYBoGxBK1k9BqZdN1powssq0ArD3s31j5ckOQqz12ai-Kb1IwGdNkXlLYQlGRIE83nOzFmT2bvZzgNyA__&Key-Pair-Id=APKAJT5WQLLEOADKLHBQ 403
[Error: "url" parameter is valid but upstream response is invalid] {
  statusCode: 403
}
 ⨯ upstream image response failed for https://d2nqrih5ma2h8b.cloudfront.net/d6o3wf%2Fpreview%2F71285316%2Fmain_large.png?response-content-disposition=inline%3Bfilename%3D%22main_large.png%22%3B&response-content-type=image%2Fpng&Expires=1758929974&Signature=e91J09p2wQQeaYKhOC1C1tT7fRtfvAam-aojDzT8X2NLE~4IG~bz2u32H0IPD9GZL3RzX3pvPZJMuo6P1Cg7Sno54Jqcx9O5JDQtNaQ7lT62zMv4Q~JRFByuJEVayeVzp6EnwGuTzvLSYaov7A9861jUEI3XjLd58oQgTrNUCkBMZuvAS1ZeKLi9NJyp06vjZ7RI1iHjlqQPLwU1rEhJKyo8x9IiCYDmzVAxpIXAMBzBLvBHkompCGdfnkVFGWaB56nFqlgNnJJu7bPv1dKMVwyxaY6ZwZ-ZReBIX0s0whVGKL5XEB2RmvQVpZx3DI7gX8kmRCfNjl8YKuUIf8LjLA__&Key-Pair-Id=APKAJT5WQLLEOADKLHBQ 403
[Error: "url" parameter is valid but upstream response is invalid] {
  statusCode: 403
}
 ⨯ upstream image response failed for https://d2kbz8dqbfngbz.cloudfront.net/r562wf%2Fpreview%2F71285262%2Fmain_large.png?response-content-disposition=inline%3Bfilename%3D%22main_large.png%22%3B&response-content-type=image%2Fpng&Expires=1758929600&Signature=dekmASNwO8Ynxzks2xAv7rQAiV5yFNEFKIp-fd2zROOtbxkpEgvAGZ9DpyFjaRsNe3DDRo-GXBLQDams2Rt45Z5UYncaF5VU5FBaUfU47F4sugelmnJySxek0h9gOgo-uYUSZvt9ZzF8IFfKQMe8n45V7D~dEmfpqALGk4kXq6MRZraUwIwlEMztuHDX2dz05uvJG4vA4L8wr8-~WtnMd1YKEt1J41n9bS2Zgodj2iIs6~X95XaJjYcrK-QrN3vutSyQWh89m9FckS1WogU1l1HmDalTEjXNmpD0UhuStoehGbWdyPxy~IpdE5wlz2iuNKvajNDjYNwOwDjfLy1T9A__&Key-Pair-Id=APKAJT5WQLLEOADKLHBQ 403
[Error: "url" parameter is valid but upstream response is invalid] {
  statusCode: 403
}
 ⚠ Found a change in next.config.ts. Restarting the server to apply the changes...
   ▲ Next.js 15.5.3 (Turbopack)
   - Local:        http://localhost:3000
   - Network:      http://10.11.11.169:3000

 ✓ Starting...
 ✓ Ready in 990ms
 ○ Compiling / ...
 ✓ Compiled / in 2.5s
 ⨯ [Error: Invalid src prop (https://d27xfwajjnh0ta.cloudfront.net/l0a43g%2Fpreview%2F71294410%2Fmain_large.png?response-content-disposition=inline%3Bfilename%3D%22main_large.png%22%3B&response-content-type=image%2Fpng&Expires=1758977463&Signature=TMcOu-9GN~yUJFK6~8NgjnS5er~Xow~M4xntSjB8rm-XDKU6hnglPAFHYq9tLGI~57LCGVfTYwH1zn3upFwC6Sbj0cxMVLjZymymkfcKSGcHCNm6MbTx3q-~PEVj3A-PKD-N1Haw-68Eh4LcorCdySeEcL3nGmGKzMphVcJYSBfu0RmpttwPf0PPV-r4~Dw0av4oEdWk1ALGDr2B2urUNhBlS2woVHKRweYQI2CxZ3LDo-9gl8OOaqOOD5ODrabib05ZZUOYBoGxBK1k9BqZdN1powssq0ArD3s31j5ckOQqz12ai-Kb1IwGdNkXlLYQlGRIE83nOzFmT2bvZzgNyA__&Key-Pair-Id=APKAJT5WQLLEOADKLHBQ) on `next/image`, hostname "d27xfwajjnh0ta.cloudfront.net" is not configured under images in your `next.config.js`
See more info: https://nextjs.org/docs/messages/next-image-unconfigured-host] {
  digest: '3073785565'
}
 GET / 500 in 3142ms
 ⨯ upstream image response failed for https://d36vu4awtdgnqw.cloudfront.net/1y4cd%2Fpreview%2F71166130%2Fmain_large.png?response-content-disposition=inline%3Bfilename%3D%22main_large.png%22%3B&response-content-type=&Expires=1758648399&Signature=RhoaiTGj6bpjXm7-Q44E30MGUhpWQb5~whR1Xxl1A7hfO21OlYB5sloRyKdKVfSO0B~Jnx6uMq7EndHSliE1nLLg-oIanAj8~nn-H0WI3QznqD~s66NXB4-~TxeJri9Lvs0RyafGXCSKQlp26ixaSyVNGXK5uF2e2pX6l0n4IO4Wekhwg-3-hZwvAz8zJO2twql0hBGkpEcgjslaqEMVPLTYh62gIOWmw8cshWKOPAM1Hq-E0qPRAa9gNGkKtSDuIDI2XCNl2FvMESWrSyNLMocNq~YJSFxRyrFJ8Ho4EWtyUBAgJkoAnybcXY36vanTgYCXPCo76dJ8m2btM15y4Q__&Key-Pair-Id=APKAJT5WQLLEOADKLHBQ 403
[Error: "url" parameter is valid but upstream response is invalid] {
  statusCode: 403
}
 ⨯ [Error: Invalid src prop (https://d27xfwajjnh0ta.cloudfront.net/l0a43g%2Fpreview%2F71294410%2Fmain_large.png?response-content-disposition=inline%3Bfilename%3D%22main_large.png%22%3B&response-content-type=image%2Fpng&Expires=1758977463&Signature=TMcOu-9GN~yUJFK6~8NgjnS5er~Xow~M4xntSjB8rm-XDKU6hnglPAFHYq9tLGI~57LCGVfTYwH1zn3upFwC6Sbj0cxMVLjZymymkfcKSGcHCNm6MbTx3q-~PEVj3A-PKD-N1Haw-68Eh4LcorCdySeEcL3nGmGKzMphVcJYSBfu0RmpttwPf0PPV-r4~Dw0av4oEdWk1ALGDr2B2urUNhBlS2woVHKRweYQI2CxZ3LDo-9gl8OOaqOOD5ODrabib05ZZUOYBoGxBK1k9BqZdN1powssq0ArD3s31j5ckOQqz12ai-Kb1IwGdNkXlLYQlGRIE83nOzFmT2bvZzgNyA__&Key-Pair-Id=APKAJT5WQLLEOADKLHBQ) on `next/image`, hostname "d27xfwajjnh0ta.cloudfront.net" is not configured under images in your `next.config.js`
See more info: https://nextjs.org/docs/messages/next-image-unconfigured-host] {
  digest: '3073785565'
}
 ⨯ upstream image response failed for https://id-preview--fe1a8458-0fa4-49b8-8556-e879eaf54aad.lovable.app/assets/profile-headshot-Bv4Z_5Dq.jpg 404
 ✓ Compiled in 601ms
[Error: "url" parameter is valid but upstream response is invalid] {
  statusCode: 404
}
 GET / 500 in 496ms
 ✓ Compiled /favicon.ico in 499ms
 GET /favicon.ico 200 in 274ms
 ⚠ Found a change in next.config.ts. Restarting the server to apply the changes...
   ▲ Next.js 15.5.3 (Turbopack)
   - Local:        http://localhost:3000
   - Network:      http://10.11.11.169:3000

 ✓ Starting...
 ✓ Ready in 916ms
 ⚠ Found a change in next.config.ts. Restarting the server to apply the changes...
   ▲ Next.js 15.5.3 (Turbopack)
   - Local:        http://localhost:3000
   - Network:      http://10.11.11.169:3000

 ✓ Starting...
 ✓ Ready in 1148ms
 ○ Compiling / ...
 ✓ Compiled / in 1477ms
 GET / 200 in 1923ms
 ✓ Compiled /favicon.ico in 161ms
 GET /favicon.ico?favicon.0b3bf435.ico 200 in 461ms
 ⨯ upstream image response failed for https://djfxe6plvdhbj.cloudfront.net/y40c3g%2Fpreview%2F71294688%2Fmain_large.png?response-content-disposition=inline%3Bfilename%3D%22main_large.png%22%3B&response-content-type=image%2Fpng&Expires=1758978678&Signature=XU-cyzUVJr9RicFa7KZAedU4ScL6ZS6swFbLJO4JWOnyL4dDabFeQNEosiNjJPhLjcj5fQxyZU2fFEvHbYO8QGHCPXifALCZ-fNzz-g4Zd9goFFtnh5tE0NN-7yQHznXloTPV4jRqHeyEXgmPjkigKq457lxbXwomQNNZVuRdQgsZwFbYz12OE~YrxuNqpvGl8BdpiDhTYAGFY6Qx9pTm7XLsQo~xI-tJfBCkC9R1~l7P6TYlSlrecKfpBf-As43c~3KNo3H760zcH4FZvx8sGFEKe5yOQ4djB4SgezF~5JfRH6dVS1pbMwWgXqppvcWyjLk9XB3I8uC2OLXpRqy-g__&Key-Pair-Id=APKAJT5WQLLEOADKLHBQ 403
[Error: "url" parameter is valid but upstream response is invalid] {
  statusCode: 403
}
 ⨯ upstream image response failed for https://d27xfwajjnh0ta.cloudfront.net/l0a43g%2Fpreview%2F71294410%2Fmain_large.png?response-content-disposition=inline%3Bfilename%3D%22main_large.png%22%3B&response-content-type=image%2Fpng&Expires=1758977463&Signature=TMcOu-9GN~yUJFK6~8NgjnS5er~Xow~M4xntSjB8rm-XDKU6hnglPAFHYq9tLGI~57LCGVfTYwH1zn3upFwC6Sbj0cxMVLjZymymkfcKSGcHCNm6MbTx3q-~PEVj3A-PKD-N1Haw-68Eh4LcorCdySeEcL3nGmGKzMphVcJYSBfu0RmpttwPf0PPV-r4~Dw0av4oEdWk1ALGDr2B2urUNhBlS2woVHKRweYQI2CxZ3LDo-9gl8OOaqOOD5ODrabib05ZZUOYBoGxBK1k9BqZdN1powssq0ArD3s31j5ckOQqz12ai-Kb1IwGdNkXlLYQlGRIE83nOzFmT2bvZzgNyA__&Key-Pair-Id=APKAJT5WQLLEOADKLHBQ 403
[Error: "url" parameter is valid but upstream response is invalid] {
  statusCode: 403
}
 ⨯ upstream image response failed for https://d2jedw6aeswgqp.cloudfront.net/n4n93g%2Fpreview%2F71294603%2Fmain_full.png?response-content-disposition=inline%3Bfilename%3D%22main_full.png%22%3B&response-content-type=image%2Fpng&Expires=1758978268&Signature=WcOUMggpPrJuf9EwlDhPtelHq7vr0QALozw2tV5xmmZ19pSBsw07QM6z0HWSyY79sKSLZV~MV632otcDFfkwYQYzoGNsR3pinqasKsnY-nPKPLTmvIle6kxYNlxDLY0szK0-rS0WothhwRIDltoOQWlMSlvqP-nu3vyi6zu6yZSAHbITg~5b-C1Uep7Yl~SgRxqpW4FD-nXQ30xt3daFEjtHaGTq2Kz-BR6pf~gk7iRLb0cA7AeILFxYxZHa~vf1h1Wnl4sXiaFv~6I~lrQKaxRt3NFNTPgkf0F2AqWn6I5XNqIR5fEEzIjmXMc7mMwGAitZZYQlDlKMedkflLr8dA__&Key-Pair-Id=APKAJT5WQLLEOADKLHBQ 403
[Error: "url" parameter is valid but upstream response is invalid] {
  statusCode: 403
}
 ⨯ upstream image response failed for https://d1mrnwe9chdcuv.cloudfront.net/w5izld%2Fpreview%2F71178894%2Fmain_large.png?response-content-disposition=inline%3Bfilename%3D%22main_large.png%22%3B&response-content-type=&Expires=1758667885&Signature=DUqbPj1QGqJOv1kJZTIJfvPw3no~Oox-QqSS4DkRFQyDRDPEYYTqaOApsGJQv0Qe~gJivFhm-GhISDy~5zpWqfVtlRDY50uVWW54ypbOxtPnCeQSL7nArhe5WsCAPYJRXuDc4gR4NsI7Ixh4iwYh9PYigfz2iMMOPuUQ73DC8zTj0n-RGm0~ul~PUHwnmXftpn9i92bdWcP0cv~YNIHT0c71QLmFJ-8zkxmWLPmvHgPaX1V9rUYzUgvpB7jYWxw0MMIbXXTZj3a9qeUQVfLLu4BJzuN136fmICOMRdFrEKF4KAmdCqVKtHchHsEhXu-HbRn3V69yGDb9BhRxZjIzIg__&Key-Pair-Id=APKAJT5WQLLEOADKLHBQ 403
[Error: "url" parameter is valid but upstream response is invalid] {
  statusCode: 403
}
 ✓ Compiled / in 29ms
 GET / 200 in 226ms
 ⚠ Fast Refresh had to perform a full reload due to a runtime error.
 ✓ Compiled in 94ms
 ✓ Compiled / in 28ms
 ⨯ [Error: Invalid src prop (https://d2kbz8dqbfngbz.cloudfront.net/r562wf%2Fpreview%2F71285262%2Fmain_large.png?response-content-disposition=inline%3Bfilename%3D%22main_large.png%22%3B&response-content-type=image%2Fpng&Expires=1758929600&Signature=dekmASNwO8Ynxzks2xAv7rQAiV5yFNEFKIp-fd2zROOtbxkpEgvAGZ9DpyFjaRsNe3DDRo-GXBLQDams2Rt45Z5UYncaF5VU5FBaUfU47F4sugelmnJySxek0h9gOgo-uYUSZvt9ZzF8IFfKQMe8n45V7D~dEmfpqALGk4kXq6MRZraUwIwlEMztuHDX2dz05uvJG4vA4L8wr8-~WtnMd1YKEt1J41n9bS2Zgodj2iIs6~X95XaJjYcrK-QrN3vutSyQWh89m9FckS1WogU1l1HmDalTEjXNmpD0UhuStoehGbWdyPxy~IpdE5wlz2iuNKvajNDjYNwOwDjfLy1T9A__&Key-Pair-Id=APKAJT5WQLLEOADKLHBQ) on `next/image`, hostname "d2kbz8dqbfngbz.cloudfront.net" is not configured under images in your `next.config.js`
See more info: https://nextjs.org/docs/messages/next-image-unconfigured-host] {
  digest: '1715837740'
}
 GET / 500 in 374ms
 ⨯ upstream image response failed for https://d36vu4awtdgnqw.cloudfront.net/1y4cd%2Fpreview%2F71166130%2Fmain_large.png?response-content-disposition=inline%3Bfilename%3D%22main_large.png%22%3B&response-content-type=&Expires=1758648399&Signature=RhoaiTGj6bpjXm7-Q44E30MGUhpWQb5~whR1Xxl1A7hfO21OlYB5sloRyKdKVfSO0B~Jnx6uMq7EndHSliE1nLLg-oIanAj8~nn-H0WI3QznqD~s66NXB4-~TxeJri9Lvs0RyafGXCSKQlp26ixaSyVNGXK5uF2e2pX6l0n4IO4Wekhwg-3-hZwvAz8zJO2twql0hBGkpEcgjslaqEMVPLTYh62gIOWmw8cshWKOPAM1Hq-E0qPRAa9gNGkKtSDuIDI2XCNl2FvMESWrSyNLMocNq~YJSFxRyrFJ8Ho4EWtyUBAgJkoAnybcXY36vanTgYCXPCo76dJ8m2btM15y4Q__&Key-Pair-Id=APKAJT5WQLLEOADKLHBQ 403
[Error: "url" parameter is valid but upstream response is invalid] {
  statusCode: 403
}
 ⨯ upstream image response failed for https://id-preview--fe1a8458-0fa4-49b8-8556-e879eaf54aad.lovable.app/assets/profile-headshot-Bv4Z_5Dq.jpg 404
[Error: "url" parameter is valid but upstream response is invalid] {
  statusCode: 404
}
 GET /favicon.ico?favicon.0b3bf435.ico 200 in 306ms
 GET /favicon.ico 200 in 239ms
 ⚠ Fast Refresh had to perform a full reload due to a runtime error.
 ✓ Compiled in 186ms
 ✓ Compiled / in 19ms
 ⨯ [Error: Invalid src prop (https://d2kbz8dqbfngbz.cloudfront.net/r562wf%2Fpreview%2F71285262%2Fmain_large.png?response-content-disposition=inline%3Bfilename%3D%22main_large.png%22%3B&response-content-type=image%2Fpng&Expires=1758929600&Signature=dekmASNwO8Ynxzks2xAv7rQAiV5yFNEFKIp-fd2zROOtbxkpEgvAGZ9DpyFjaRsNe3DDRo-GXBLQDams2Rt45Z5UYncaF5VU5FBaUfU47F4sugelmnJySxek0h9gOgo-uYUSZvt9ZzF8IFfKQMe8n45V7D~dEmfpqALGk4kXq6MRZraUwIwlEMztuHDX2dz05uvJG4vA4L8wr8-~WtnMd1YKEt1J41n9bS2Zgodj2iIs6~X95XaJjYcrK-QrN3vutSyQWh89m9FckS1WogU1l1HmDalTEjXNmpD0UhuStoehGbWdyPxy~IpdE5wlz2iuNKvajNDjYNwOwDjfLy1T9A__&Key-Pair-Id=APKAJT5WQLLEOADKLHBQ) on `next/image`, hostname "d2kbz8dqbfngbz.cloudfront.net" is not configured under images in your `next.config.js`
See more info: https://nextjs.org/docs/messages/next-image-unconfigured-host] {
  digest: '1715837740'
}
 GET / 500 in 326ms
 GET /favicon.ico 200 in 227ms
 ⚠ Found a change in next.config.ts. Restarting the server to apply the changes...
   ▲ Next.js 15.5.3 (Turbopack)
   - Local:        http://localhost:3000
   - Network:      http://10.11.11.169:3000

 ✓ Starting...
 ✓ Ready in 885ms
 ⚠ Found a change in next.config.ts. Restarting the server to apply the changes...
   ▲ Next.js 15.5.3 (Turbopack)
   - Local:        http://localhost:3000
   - Network:      http://10.11.11.169:3000

 ✓ Starting...
 ✓ Ready in 861ms
 ○ Compiling / ...
 ✓ Compiled / in 1665ms
 GET / 200 in 2116ms
 ⨯ upstream image response failed for https://d36vu4awtdgnqw.cloudfront.net/1y4cd%2Fpreview%2F71166130%2Fmain_large.png?response-content-disposition=inline%3Bfilename%3D%22main_large.png%22%3B&response-content-type=&Expires=1758648399&Signature=RhoaiTGj6bpjXm7-Q44E30MGUhpWQb5~whR1Xxl1A7hfO21OlYB5sloRyKdKVfSO0B~Jnx6uMq7EndHSliE1nLLg-oIanAj8~nn-H0WI3QznqD~s66NXB4-~TxeJri9Lvs0RyafGXCSKQlp26ixaSyVNGXK5uF2e2pX6l0n4IO4Wekhwg-3-hZwvAz8zJO2twql0hBGkpEcgjslaqEMVPLTYh62gIOWmw8cshWKOPAM1Hq-E0qPRAa9gNGkKtSDuIDI2XCNl2FvMESWrSyNLMocNq~YJSFxRyrFJ8Ho4EWtyUBAgJkoAnybcXY36vanTgYCXPCo76dJ8m2btM15y4Q__&Key-Pair-Id=APKAJT5WQLLEOADKLHBQ 403
[Error: "url" parameter is valid but upstream response is invalid] {
  statusCode: 403
}
 ⨯ upstream image response failed for https://d2kbz8dqbfngbz.cloudfront.net/r562wf%2Fpreview%2F71285262%2Fmain_large.png?response-content-disposition=inline%3Bfilename%3D%22main_large.png%22%3B&response-content-type=image%2Fpng&Expires=1758929600&Signature=dekmASNwO8Ynxzks2xAv7rQAiV5yFNEFKIp-fd2zROOtbxkpEgvAGZ9DpyFjaRsNe3DDRo-GXBLQDams2Rt45Z5UYncaF5VU5FBaUfU47F4sugelmnJySxek0h9gOgo-uYUSZvt9ZzF8IFfKQMe8n45V7D~dEmfpqALGk4kXq6MRZraUwIwlEMztuHDX2dz05uvJG4vA4L8wr8-~WtnMd1YKEt1J41n9bS2Zgodj2iIs6~X95XaJjYcrK-QrN3vutSyQWh89m9FckS1WogU1l1HmDalTEjXNmpD0UhuStoehGbWdyPxy~IpdE5wlz2iuNKvajNDjYNwOwDjfLy1T9A__&Key-Pair-Id=APKAJT5WQLLEOADKLHBQ 403
 ⨯ upstream image response failed for https://d2nqrih5ma2h8b.cloudfront.net/d6o3wf%2Fpreview%2F71285316%2Fmain_large.png?response-content-disposition=inline%3Bfilename%3D%22main_large.png%22%3B&response-content-type=image%2Fpng&Expires=1758929974&Signature=e91J09p2wQQeaYKhOC1C1tT7fRtfvAam-aojDzT8X2NLE~4IG~bz2u32H0IPD9GZL3RzX3pvPZJMuo6P1Cg7Sno54Jqcx9O5JDQtNaQ7lT62zMv4Q~JRFByuJEVayeVzp6EnwGuTzvLSYaov7A9861jUEI3XjLd58oQgTrNUCkBMZuvAS1ZeKLi9NJyp06vjZ7RI1iHjlqQPLwU1rEhJKyo8x9IiCYDmzVAxpIXAMBzBLvBHkompCGdfnkVFGWaB56nFqlgNnJJu7bPv1dKMVwyxaY6ZwZ-ZReBIX0s0whVGKL5XEB2RmvQVpZx3DI7gX8kmRCfNjl8YKuUIf8LjLA__&Key-Pair-Id=APKAJT5WQLLEOADKLHBQ 403
[Error: "url" parameter is valid but upstream response is invalid] {
  statusCode: 403
}
[Error: "url" parameter is valid but upstream response is invalid] {
  statusCode: 403
}
 ⨯ upstream image response failed for https://id-preview--fe1a8458-0fa4-49b8-8556-e879eaf54aad.lovable.app/assets/profile-headshot-Bv4Z_5Dq.jpg 404
[Error: "url" parameter is valid but upstream response is invalid] {
  statusCode: 404
}
 ⨯ upstream image response failed for https://djfxe6plvdhbj.cloudfront.net/y40c3g%2Fpreview%2F71294688%2Fmain_large.png?response-content-disposition=inline%3Bfilename%3D%22main_large.png%22%3B&response-content-type=image%2Fpng&Expires=1758978678&Signature=XU-cyzUVJr9RicFa7KZAedU4ScL6ZS6swFbLJO4JWOnyL4dDabFeQNEosiNjJPhLjcj5fQxyZU2fFEvHbYO8QGHCPXifALCZ-fNzz-g4Zd9goFFtnh5tE0NN-7yQHznXloTPV4jRqHeyEXgmPjkigKq457lxbXwomQNNZVuRdQgsZwFbYz12OE~YrxuNqpvGl8BdpiDhTYAGFY6Qx9pTm7XLsQo~xI-tJfBCkC9R1~l7P6TYlSlrecKfpBf-As43c~3KNo3H760zcH4FZvx8sGFEKe5yOQ4djB4SgezF~5JfRH6dVS1pbMwWgXqppvcWyjLk9XB3I8uC2OLXpRqy-g__&Key-Pair-Id=APKAJT5WQLLEOADKLHBQ 403
[Error: "url" parameter is valid but upstream response is invalid] {
  statusCode: 403
}
 ⨯ upstream image response failed for https://d27xfwajjnh0ta.cloudfront.net/l0a43g%2Fpreview%2F71294410%2Fmain_large.png?response-content-disposition=inline%3Bfilename%3D%22main_large.png%22%3B&response-content-type=image%2Fpng&Expires=1758977463&Signature=TMcOu-9GN~yUJFK6~8NgjnS5er~Xow~M4xntSjB8rm-XDKU6hnglPAFHYq9tLGI~57LCGVfTYwH1zn3upFwC6Sbj0cxMVLjZymymkfcKSGcHCNm6MbTx3q-~PEVj3A-PKD-N1Haw-68Eh4LcorCdySeEcL3nGmGKzMphVcJYSBfu0RmpttwPf0PPV-r4~Dw0av4oEdWk1ALGDr2B2urUNhBlS2woVHKRweYQI2CxZ3LDo-9gl8OOaqOOD5ODrabib05ZZUOYBoGxBK1k9BqZdN1powssq0ArD3s31j5ckOQqz12ai-Kb1IwGdNkXlLYQlGRIE83nOzFmT2bvZzgNyA__&Key-Pair-Id=APKAJT5WQLLEOADKLHBQ 403
[Error: "url" parameter is valid but upstream response is invalid] {
  statusCode: 403
}
 ✓ Compiled /favicon.ico in 294ms
 ⨯ upstream image response failed for https://d2jedw6aeswgqp.cloudfront.net/n4n93g%2Fpreview%2F71294603%2Fmain_full.png?response-content-disposition=inline%3Bfilename%3D%22main_full.png%22%3B&response-content-type=image%2Fpng&Expires=1758978268&Signature=WcOUMggpPrJuf9EwlDhPtelHq7vr0QALozw2tV5xmmZ19pSBsw07QM6z0HWSyY79sKSLZV~MV632otcDFfkwYQYzoGNsR3pinqasKsnY-nPKPLTmvIle6kxYNlxDLY0szK0-rS0WothhwRIDltoOQWlMSlvqP-nu3vyi6zu6yZSAHbITg~5b-C1Uep7Yl~SgRxqpW4FD-nXQ30xt3daFEjtHaGTq2Kz-BR6pf~gk7iRLb0cA7AeILFxYxZHa~vf1h1Wnl4sXiaFv~6I~lrQKaxRt3NFNTPgkf0F2AqWn6I5XNqIR5fEEzIjmXMc7mMwGAitZZYQlDlKMedkflLr8dA__&Key-Pair-Id=APKAJT5WQLLEOADKLHBQ 403
[Error: "url" parameter is valid but upstream response is invalid] {
  statusCode: 403
}
 GET /favicon.ico?favicon.0b3bf435.ico 200 in 565ms
 ✓ Compiled in 646ms
 ✓ Compiled / in 100ms
 GET / 200 in 367ms
 ⚠ Found a change in next.config.ts. Restarting the server to apply the changes...
   ▲ Next.js 15.5.3 (Turbopack)
   - Local:        http://localhost:3000
   - Network:      http://10.11.11.169:3000

 ✓ Starting...
 ✓ Ready in 1068ms
 ○ Compiling / ...
 ✓ Compiled / in 1760ms
 GET / 200 in 2369ms
 ⨯ upstream image response failed for https://d36vu4awtdgnqw.cloudfront.net/1y4cd%2Fpreview%2F71166130%2Fmain_large.png?response-content-disposition=inline%3Bfilename%3D%22main_large.png%22%3B&response-content-type=&Expires=1758648399&Signature=RhoaiTGj6bpjXm7-Q44E30MGUhpWQb5~whR1Xxl1A7hfO21OlYB5sloRyKdKVfSO0B~Jnx6uMq7EndHSliE1nLLg-oIanAj8~nn-H0WI3QznqD~s66NXB4-~TxeJri9Lvs0RyafGXCSKQlp26ixaSyVNGXK5uF2e2pX6l0n4IO4Wekhwg-3-hZwvAz8zJO2twql0hBGkpEcgjslaqEMVPLTYh62gIOWmw8cshWKOPAM1Hq-E0qPRAa9gNGkKtSDuIDI2XCNl2FvMESWrSyNLMocNq~YJSFxRyrFJ8Ho4EWtyUBAgJkoAnybcXY36vanTgYCXPCo76dJ8m2btM15y4Q__&Key-Pair-Id=APKAJT5WQLLEOADKLHBQ 403
[Error: "url" parameter is valid but upstream response is invalid] {
  statusCode: 403
}
 ⨯ upstream image response failed for https://d2kbz8dqbfngbz.cloudfront.net/r562wf%2Fpreview%2F71285262%2Fmain_large.png?response-content-disposition=inline%3Bfilename%3D%22main_large.png%22%3B&response-content-type=image%2Fpng&Expires=1758929600&Signature=dekmASNwO8Ynxzks2xAv7rQAiV5yFNEFKIp-fd2zROOtbxkpEgvAGZ9DpyFjaRsNe3DDRo-GXBLQDams2Rt45Z5UYncaF5VU5FBaUfU47F4sugelmnJySxek0h9gOgo-uYUSZvt9ZzF8IFfKQMe8n45V7D~dEmfpqALGk4kXq6MRZraUwIwlEMztuHDX2dz05uvJG4vA4L8wr8-~WtnMd1YKEt1J41n9bS2Zgodj2iIs6~X95XaJjYcrK-QrN3vutSyQWh89m9FckS1WogU1l1HmDalTEjXNmpD0UhuStoehGbWdyPxy~IpdE5wlz2iuNKvajNDjYNwOwDjfLy1T9A__&Key-Pair-Id=APKAJT5WQLLEOADKLHBQ 403
[Error: "url" parameter is valid but upstream response is invalid] {
  statusCode: 403
}
 ⨯ upstream image response failed for https://id-preview--fe1a8458-0fa4-49b8-8556-e879eaf54aad.lovable.app/assets/profile-headshot-Bv4Z_5Dq.jpg 404
[Error: "url" parameter is valid but upstream response is invalid] {
  statusCode: 404
}
 ⨯ upstream image response failed for https://djfxe6plvdhbj.cloudfront.net/y40c3g%2Fpreview%2F71294688%2Fmain_large.png?response-content-disposition=inline%3Bfilename%3D%22main_large.png%22%3B&response-content-type=image%2Fpng&Expires=1758978678&Signature=XU-cyzUVJr9RicFa7KZAedU4ScL6ZS6swFbLJO4JWOnyL4dDabFeQNEosiNjJPhLjcj5fQxyZU2fFEvHbYO8QGHCPXifALCZ-fNzz-g4Zd9goFFtnh5tE0NN-7yQHznXloTPV4jRqHeyEXgmPjkigKq457lxbXwomQNNZVuRdQgsZwFbYz12OE~YrxuNqpvGl8BdpiDhTYAGFY6Qx9pTm7XLsQo~xI-tJfBCkC9R1~l7P6TYlSlrecKfpBf-As43c~3KNo3H760zcH4FZvx8sGFEKe5yOQ4djB4SgezF~5JfRH6dVS1pbMwWgXqppvcWyjLk9XB3I8uC2OLXpRqy-g__&Key-Pair-Id=APKAJT5WQLLEOADKLHBQ 403
 ⨯ upstream image response failed for https://d2jedw6aeswgqp.cloudfront.net/n4n93g%2Fpreview%2F71294603%2Fmain_full.png?response-content-disposition=inline%3Bfilename%3D%22main_full.png%22%3B&response-content-type=image%2Fpng&Expires=1758978268&Signature=WcOUMggpPrJuf9EwlDhPtelHq7vr0QALozw2tV5xmmZ19pSBsw07QM6z0HWSyY79sKSLZV~MV632otcDFfkwYQYzoGNsR3pinqasKsnY-nPKPLTmvIle6kxYNlxDLY0szK0-rS0WothhwRIDltoOQWlMSlvqP-nu3vyi6zu6yZSAHbITg~5b-C1Uep7Yl~SgRxqpW4FD-nXQ30xt3daFEjtHaGTq2Kz-BR6pf~gk7iRLb0cA7AeILFxYxZHa~vf1h1Wnl4sXiaFv~6I~lrQKaxRt3NFNTPgkf0F2AqWn6I5XNqIR5fEEzIjmXMc7mMwGAitZZYQlDlKMedkflLr8dA__&Key-Pair-Id=APKAJT5WQLLEOADKLHBQ 403
[Error: "url" parameter is valid but upstream response is invalid] {
  statusCode: 403
}
 ⨯ upstream image response failed for https://d27xfwajjnh0ta.cloudfront.net/l0a43g%2Fpreview%2F71294410%2Fmain_large.png?response-content-disposition=inline%3Bfilename%3D%22main_large.png%22%3B&response-content-type=image%2Fpng&Expires=1758977463&Signature=TMcOu-9GN~yUJFK6~8NgjnS5er~Xow~M4xntSjB8rm-XDKU6hnglPAFHYq9tLGI~57LCGVfTYwH1zn3upFwC6Sbj0cxMVLjZymymkfcKSGcHCNm6MbTx3q-~PEVj3A-PKD-N1Haw-68Eh4LcorCdySeEcL3nGmGKzMphVcJYSBfu0RmpttwPf0PPV-r4~Dw0av4oEdWk1ALGDr2B2urUNhBlS2woVHKRweYQI2CxZ3LDo-9gl8OOaqOOD5ODrabib05ZZUOYBoGxBK1k9BqZdN1powssq0ArD3s31j5ckOQqz12ai-Kb1IwGdNkXlLYQlGRIE83nOzFmT2bvZzgNyA__&Key-Pair-Id=APKAJT5WQLLEOADKLHBQ 403
[Error: "url" parameter is valid but upstream response is invalid] {
  statusCode: 403
}
[Error: "url" parameter is valid but upstream response is invalid] {
  statusCode: 403
}
 ⚠ Found a change in next.config.ts. Restarting the server to apply the changes...
   ▲ Next.js 15.5.3 (Turbopack)
   - Local:        http://localhost:3000
   - Network:      http://10.11.11.169:3000

 ✓ Starting...
 ✓ Ready in 1091ms
 ○ Compiling / ...
 ✓ Compiled / in 1810ms
 GET / 200 in 2295ms
 ⨯ upstream image response failed for https://d36vu4awtdgnqw.cloudfront.net/1y4cd%2Fpreview%2F71166130%2Fmain_large.png?response-content-disposition=inline%3Bfilename%3D%22main_large.png%22%3B&response-content-type=&Expires=1758648399&Signature=RhoaiTGj6bpjXm7-Q44E30MGUhpWQb5~whR1Xxl1A7hfO21OlYB5sloRyKdKVfSO0B~Jnx6uMq7EndHSliE1nLLg-oIanAj8~nn-H0WI3QznqD~s66NXB4-~TxeJri9Lvs0RyafGXCSKQlp26ixaSyVNGXK5uF2e2pX6l0n4IO4Wekhwg-3-hZwvAz8zJO2twql0hBGkpEcgjslaqEMVPLTYh62gIOWmw8cshWKOPAM1Hq-E0qPRAa9gNGkKtSDuIDI2XCNl2FvMESWrSyNLMocNq~YJSFxRyrFJ8Ho4EWtyUBAgJkoAnybcXY36vanTgYCXPCo76dJ8m2btM15y4Q__&Key-Pair-Id=APKAJT5WQLLEOADKLHBQ 403
[Error: "url" parameter is valid but upstream response is invalid] {
  statusCode: 403
}
 ⨯ upstream image response failed for https://d2kbz8dqbfngbz.cloudfront.net/r562wf%2Fpreview%2F71285262%2Fmain_large.png?response-content-disposition=inline%3Bfilename%3D%22main_large.png%22%3B&response-content-type=image%2Fpng&Expires=1758929600&Signature=dekmASNwO8Ynxzks2xAv7rQAiV5yFNEFKIp-fd2zROOtbxkpEgvAGZ9DpyFjaRsNe3DDRo-GXBLQDams2Rt45Z5UYncaF5VU5FBaUfU47F4sugelmnJySxek0h9gOgo-uYUSZvt9ZzF8IFfKQMe8n45V7D~dEmfpqALGk4kXq6MRZraUwIwlEMztuHDX2dz05uvJG4vA4L8wr8-~WtnMd1YKEt1J41n9bS2Zgodj2iIs6~X95XaJjYcrK-QrN3vutSyQWh89m9FckS1WogU1l1HmDalTEjXNmpD0UhuStoehGbWdyPxy~IpdE5wlz2iuNKvajNDjYNwOwDjfLy1T9A__&Key-Pair-Id=APKAJT5WQLLEOADKLHBQ 403
[Error: "url" parameter is valid but upstream response is invalid] {
  statusCode: 403
}
 ✓ Compiled /favicon.ico in 194ms
 GET /favicon.ico?favicon.0b3bf435.ico 200 in 485ms
 ✓ Compiled in 204ms
 ✓ Compiled / in 37ms
 GET / 200 in 191ms
 ✓ Compiled / in 15ms
 GET / 200 in 102ms
 ✓ Compiled / in 25ms
 GET / 200 in 101ms
 ✓ Compiled / in 11ms
 GET / 200 in 79ms
 ✓ Compiled / in 24ms
 GET / 200 in 92ms
 ⨯ upstream image response failed for https://d1mrnwe9chdcuv.cloudfront.net/w5izld%2Fpreview%2F71178894%2Fmain_large.png?response-content-disposition=inline%3Bfilename%3D%22main_large.png%22%3B&response-content-type=&Expires=1758667885&Signature=DUqbPj1QGqJOv1kJZTIJfvPw3no~Oox-QqSS4DkRFQyDRDPEYYTqaOApsGJQv0Qe~gJivFhm-GhISDy~5zpWqfVtlRDY50uVWW54ypbOxtPnCeQSL7nArhe5WsCAPYJRXuDc4gR4NsI7Ixh4iwYh9PYigfz2iMMOPuUQ73DC8zTj0n-RGm0~ul~PUHwnmXftpn9i92bdWcP0cv~YNIHT0c71QLmFJ-8zkxmWLPmvHgPaX1V9rUYzUgvpB7jYWxw0MMIbXXTZj3a9qeUQVfLLu4BJzuN136fmICOMRdFrEKF4KAmdCqVKtHchHsEhXu-HbRn3V69yGDb9BhRxZjIzIg__&Key-Pair-Id=APKAJT5WQLLEOADKLHBQ 403
[Error: "url" parameter is valid but upstream response is invalid] {
  statusCode: 403
}
 ✓ Compiled in 522ms
 ✓ Compiled / in 54ms
 GET / 200 in 633ms
 ⨯ upstream image response failed for https://d36vu4awtdgnqw.cloudfront.net/1y4cd%2Fpreview%2F71166130%2Fmain_large.png?response-content-disposition=inline%3Bfilename%3D%22main_large.png%22%3B&response-content-type=&Expires=1758648399&Signature=RhoaiTGj6bpjXm7-Q44E30MGUhpWQb5~whR1Xxl1A7hfO21OlYB5sloRyKdKVfSO0B~Jnx6uMq7EndHSliE1nLLg-oIanAj8~nn-H0WI3QznqD~s66NXB4-~TxeJri9Lvs0RyafGXCSKQlp26ixaSyVNGXK5uF2e2pX6l0n4IO4Wekhwg-3-hZwvAz8zJO2twql0hBGkpEcgjslaqEMVPLTYh62gIOWmw8cshWKOPAM1Hq-E0qPRAa9gNGkKtSDuIDI2XCNl2FvMESWrSyNLMocNq~YJSFxRyrFJ8Ho4EWtyUBAgJkoAnybcXY36vanTgYCXPCo76dJ8m2btM15y4Q__&Key-Pair-Id=APKAJT5WQLLEOADKLHBQ 403
[Error: "url" parameter is valid but upstream response is invalid] {
  statusCode: 403
}
 ⨯ upstream image response failed for https://d27xfwajjnh0ta.cloudfront.net/l0a43g%2Fpreview%2F71294410%2Fmain_large.png?response-content-disposition=inline%3Bfilename%3D%22main_large.png%22%3B&response-content-type=image%2Fpng&Expires=1758977463&Signature=TMcOu-9GN~yUJFK6~8NgjnS5er~Xow~M4xntSjB8rm-XDKU6hnglPAFHYq9tLGI~57LCGVfTYwH1zn3upFwC6Sbj0cxMVLjZymymkfcKSGcHCNm6MbTx3q-~PEVj3A-PKD-N1Haw-68Eh4LcorCdySeEcL3nGmGKzMphVcJYSBfu0RmpttwPf0PPV-r4~Dw0av4oEdWk1ALGDr2B2urUNhBlS2woVHKRweYQI2CxZ3LDo-9gl8OOaqOOD5ODrabib05ZZUOYBoGxBK1k9BqZdN1powssq0ArD3s31j5ckOQqz12ai-Kb1IwGdNkXlLYQlGRIE83nOzFmT2bvZzgNyA__&Key-Pair-Id=APKAJT5WQLLEOADKLHBQ 403
 ⨯ upstream image response failed for https://d2kbz8dqbfngbz.cloudfront.net/r562wf%2Fpreview%2F71285262%2Fmain_large.png?response-content-disposition=inline%3Bfilename%3D%22main_large.png%22%3B&response-content-type=image%2Fpng&Expires=1758929600&Signature=dekmASNwO8Ynxzks2xAv7rQAiV5yFNEFKIp-fd2zROOtbxkpEgvAGZ9DpyFjaRsNe3DDRo-GXBLQDams2Rt45Z5UYncaF5VU5FBaUfU47F4sugelmnJySxek0h9gOgo-uYUSZvt9ZzF8IFfKQMe8n45V7D~dEmfpqALGk4kXq6MRZraUwIwlEMztuHDX2dz05uvJG4vA4L8wr8-~WtnMd1YKEt1J41n9bS2Zgodj2iIs6~X95XaJjYcrK-QrN3vutSyQWh89m9FckS1WogU1l1HmDalTEjXNmpD0UhuStoehGbWdyPxy~IpdE5wlz2iuNKvajNDjYNwOwDjfLy1T9A__&Key-Pair-Id=APKAJT5WQLLEOADKLHBQ 403
[Error: "url" parameter is valid but upstream response is invalid] {
  statusCode: 403
}
[Error: "url" parameter is valid but upstream response is invalid] {
  statusCode: 403
}
 ⨯ upstream image response failed for https://djfxe6plvdhbj.cloudfront.net/y40c3g%2Fpreview%2F71294688%2Fmain_large.png?response-content-disposition=inline%3Bfilename%3D%22main_large.png%22%3B&response-content-type=image%2Fpng&Expires=1758978678&Signature=XU-cyzUVJr9RicFa7KZAedU4ScL6ZS6swFbLJO4JWOnyL4dDabFeQNEosiNjJPhLjcj5fQxyZU2fFEvHbYO8QGHCPXifALCZ-fNzz-g4Zd9goFFtnh5tE0NN-7yQHznXloTPV4jRqHeyEXgmPjkigKq457lxbXwomQNNZVuRdQgsZwFbYz12OE~YrxuNqpvGl8BdpiDhTYAGFY6Qx9pTm7XLsQo~xI-tJfBCkC9R1~l7P6TYlSlrecKfpBf-As43c~3KNo3H760zcH4FZvx8sGFEKe5yOQ4djB4SgezF~5JfRH6dVS1pbMwWgXqppvcWyjLk9XB3I8uC2OLXpRqy-g__&Key-Pair-Id=APKAJT5WQLLEOADKLHBQ 403
 ⨯ upstream image response failed for https://d2jedw6aeswgqp.cloudfront.net/n4n93g%2Fpreview%2F71294603%2Fmain_full.png?response-content-disposition=inline%3Bfilename%3D%22main_full.png%22%3B&response-content-type=image%2Fpng&Expires=1758978268&Signature=WcOUMggpPrJuf9EwlDhPtelHq7vr0QALozw2tV5xmmZ19pSBsw07QM6z0HWSyY79sKSLZV~MV632otcDFfkwYQYzoGNsR3pinqasKsnY-nPKPLTmvIle6kxYNlxDLY0szK0-rS0WothhwRIDltoOQWlMSlvqP-nu3vyi6zu6yZSAHbITg~5b-C1Uep7Yl~SgRxqpW4FD-nXQ30xt3daFEjtHaGTq2Kz-BR6pf~gk7iRLb0cA7AeILFxYxZHa~vf1h1Wnl4sXiaFv~6I~lrQKaxRt3NFNTPgkf0F2AqWn6I5XNqIR5fEEzIjmXMc7mMwGAitZZYQlDlKMedkflLr8dA__&Key-Pair-Id=APKAJT5WQLLEOADKLHBQ 403
[Error: "url" parameter is valid but upstream response is invalid] {
  statusCode: 403
}
 ⨯ upstream image response failed for https://d1mrnwe9chdcuv.cloudfront.net/w5izld%2Fpreview%2F71178894%2Fmain_large.png?response-content-disposition=inline%3Bfilename%3D%22main_large.png%22%3B&response-content-type=&Expires=1758667885&Signature=DUqbPj1QGqJOv1kJZTIJfvPw3no~Oox-QqSS4DkRFQyDRDPEYYTqaOApsGJQv0Qe~gJivFhm-GhISDy~5zpWqfVtlRDY50uVWW54ypbOxtPnCeQSL7nArhe5WsCAPYJRXuDc4gR4NsI7Ixh4iwYh9PYigfz2iMMOPuUQ73DC8zTj0n-RGm0~ul~PUHwnmXftpn9i92bdWcP0cv~YNIHT0c71QLmFJ-8zkxmWLPmvHgPaX1V9rUYzUgvpB7jYWxw0MMIbXXTZj3a9qeUQVfLLu4BJzuN136fmICOMRdFrEKF4KAmdCqVKtHchHsEhXu-HbRn3V69yGDb9BhRxZjIzIg__&Key-Pair-Id=APKAJT5WQLLEOADKLHBQ 403
[Error: "url" parameter is valid but upstream response is invalid] {
  statusCode: 403
}
 ⨯ upstream image response failed for https://id-preview--fe1a8458-0fa4-49b8-8556-e879eaf54aad.lovable.app/assets/profile-headshot-Bv4Z_5Dq.jpg 404
[Error: "url" parameter is valid but upstream response is invalid] {
  statusCode: 404
}
[Error: "url" parameter is valid but upstream response is invalid] {
  statusCode: 403
}
 GET /favicon.ico?favicon.0b3bf435.ico 200 in 263ms
 ✓ Compiled / in 24ms
 GET / 200 in 171ms
